[0.008s] Invoking command in '/home/amit/amit_ws/build/bot_world': CMAKE_PREFIX_PATH=/opt/ros/humble /usr/bin/cmake /home/amit/amit_ws/src/bot_world -DCMAKE_INSTALL_PREFIX=/home/amit/amit_ws/install/bot_world
[0.051s] -- The C compiler identification is GNU 11.4.0
[0.087s] -- The CXX compiler identification is GNU 11.4.0
[0.092s] -- Detecting C compiler ABI info
[0.135s] -- Detecting C compiler ABI info - done
[0.139s] -- Check for working C compiler: /usr/bin/cc - skipped
[0.139s] -- Detecting C compile features
[0.140s] -- Detecting C compile features - done
[0.141s] -- Detecting CXX compiler ABI info
[0.196s] -- Detecting CXX compiler ABI info - done
[0.204s] -- Check for working CXX compiler: /usr/bin/c++ - skipped
[0.204s] -- Detecting CXX compile features
[0.205s] -- Detecting CXX compile features - done
[0.207s] -- Found ament_cmake: 1.3.10 (/opt/ros/humble/share/ament_cmake/cmake)
[0.302s] -- Found Python3: /usr/bin/python3 (found version "3.10.12") found components: Interpreter 
[0.397s] -- Configuring done
[0.398s] -- Generating done
[0.398s] -- Build files have been written to: /home/amit/amit_ws/build/bot_world
[0.401s] Invoked command in '/home/amit/amit_ws/build/bot_world' returned '0': CMAKE_PREFIX_PATH=/opt/ros/humble /usr/bin/cmake /home/amit/amit_ws/src/bot_world -DCMAKE_INSTALL_PREFIX=/home/amit/amit_ws/install/bot_world
[0.403s] Invoking command in '/home/amit/amit_ws/build/bot_world': CMAKE_PREFIX_PATH=/opt/ros/humble /usr/bin/cmake --build /home/amit/amit_ws/build/bot_world -- -j12 -l12
[0.428s] Invoked command in '/home/amit/amit_ws/build/bot_world' returned '0': CMAKE_PREFIX_PATH=/opt/ros/humble /usr/bin/cmake --build /home/amit/amit_ws/build/bot_world -- -j12 -l12
[0.448s] Invoking command in '/home/amit/amit_ws/build/bot_world': CMAKE_PREFIX_PATH=/opt/ros/humble /usr/bin/cmake --install /home/amit/amit_ws/build/bot_world
[0.455s] -- Install configuration: ""
[0.455s] -- Installing: /home/amit/amit_ws/install/bot_world/share/bot_world/worlds
[0.455s] -- Installing: /home/amit/amit_ws/install/bot_world/share/bot_world/worlds/model.sdf
[0.455s] -- Installing: /home/amit/amit_ws/install/bot_world/share/bot_world/worlds/gazebo_world.world
[0.455s] -- Installing: /home/amit/amit_ws/install/bot_world/share/bot_world/worlds/model.world
[0.455s] -- Installing: /home/amit/amit_ws/install/bot_world/share/bot_world/worlds/model.config
[0.455s] -- Installing: /home/amit/amit_ws/install/bot_world/share/bot_world/launch
[0.455s] -- Installing: /home/amit/amit_ws/install/bot_world/share/bot_world/launch/robot.launch.py
[0.455s] -- Installing: /home/amit/amit_ws/install/bot_world/share/ament_index/resource_index/package_run_dependencies/bot_world
[0.455s] -- Installing: /home/amit/amit_ws/install/bot_world/share/ament_index/resource_index/parent_prefix_path/bot_world
[0.455s] -- Installing: /home/amit/amit_ws/install/bot_world/share/bot_world/environment/ament_prefix_path.sh
[0.455s] -- Installing: /home/amit/amit_ws/install/bot_world/share/bot_world/environment/ament_prefix_path.dsv
[0.455s] -- Installing: /home/amit/amit_ws/install/bot_world/share/bot_world/environment/path.sh
[0.455s] -- Installing: /home/amit/amit_ws/install/bot_world/share/bot_world/environment/path.dsv
[0.455s] -- Installing: /home/amit/amit_ws/install/bot_world/share/bot_world/local_setup.bash
[0.455s] -- Installing: /home/amit/amit_ws/install/bot_world/share/bot_world/local_setup.sh
[0.455s] -- Installing: /home/amit/amit_ws/install/bot_world/share/bot_world/local_setup.zsh
[0.455s] -- Installing: /home/amit/amit_ws/install/bot_world/share/bot_world/local_setup.dsv
[0.455s] -- Installing: /home/amit/amit_ws/install/bot_world/share/bot_world/package.dsv
[0.455s] -- Installing: /home/amit/amit_ws/install/bot_world/share/ament_index/resource_index/packages/bot_world
[0.455s] -- Installing: /home/amit/amit_ws/install/bot_world/share/bot_world/cmake/bot_worldConfig.cmake
[0.455s] -- Installing: /home/amit/amit_ws/install/bot_world/share/bot_world/cmake/bot_worldConfig-version.cmake
[0.455s] -- Installing: /home/amit/amit_ws/install/bot_world/share/bot_world/package.xml
[0.456s] Invoked command in '/home/amit/amit_ws/build/bot_world' returned '0': CMAKE_PREFIX_PATH=/opt/ros/humble /usr/bin/cmake --install /home/amit/amit_ws/build/bot_world
