[0.077s] DEBUG:colcon:Command line arguments: ['/usr/bin/colcon', 'list', '-p', '--base-paths', '/home/amit/ak/src']
[0.077s] DEBUG:colcon:Parsed command line arguments: Namespace(log_base=None, log_level=None, verb_name='list', build_base='build', ignore_user_meta=False, metas=['./colcon.meta'], base_paths=['/home/amit/ak/src'], packages_ignore=None, packages_ignore_regex=None, paths=None, packages_up_to=None, packages_up_to_regex=None, packages_above=None, packages_above_and_dependencies=None, packages_above_depth=None, packages_select_by_dep=None, packages_skip_by_dep=None, packages_skip_up_to=None, packages_select_build_failed=False, packages_skip_build_finished=False, packages_select_test_failures=False, packages_skip_test_passed=False, packages_select=None, packages_skip=None, packages_select_regex=None, packages_skip_regex=None, packages_start=None, packages_end=None, allow_overriding=[], topological_order=False, names_only=False, paths_only=True, topological_graph=False, topological_graph_dot=False, topological_graph_density=False, topological_graph_legend=False, topological_graph_dot_cluster=False, topological_graph_dot_include_skipped=False, verb_parser=<colcon_defaults.argument_parser.defaults.DefaultArgumentsDecorator object at 0x75b88bed9e40>, verb_extension=<colcon_package_information.verb.list.ListVerb object at 0x75b88c042b30>, main=<bound method ListVerb.main of <colcon_package_information.verb.list.ListVerb object at 0x75b88c042b30>>)
[0.239s] Level 1:colcon.colcon_core.package_discovery:discover_packages(colcon_meta) check parameters
[0.239s] Level 1:colcon.colcon_core.package_discovery:discover_packages(recursive) check parameters
[0.239s] Level 1:colcon.colcon_core.package_discovery:discover_packages(ignore) check parameters
[0.239s] Level 1:colcon.colcon_core.package_discovery:discover_packages(path) check parameters
[0.239s] Level 1:colcon.colcon_core.package_discovery:discover_packages(recursive) discover
[0.239s] INFO:colcon.colcon_core.package_discovery:Crawling recursively for packages in '/home/amit/ak/src'
[0.240s] Level 1:colcon.colcon_core.package_identification:_identify(/home/amit/ak/src) by extensions ['ignore', 'ignore_ament_install']
[0.240s] Level 1:colcon.colcon_core.package_identification:_identify(/home/amit/ak/src) by extension 'ignore'
[0.240s] Level 1:colcon.colcon_core.package_identification:_identify(/home/amit/ak/src) by extension 'ignore_ament_install'
[0.240s] Level 1:colcon.colcon_core.package_identification:_identify(/home/amit/ak/src) by extensions ['colcon_pkg']
[0.240s] Level 1:colcon.colcon_core.package_identification:_identify(/home/amit/ak/src) by extension 'colcon_pkg'
[0.240s] Level 1:colcon.colcon_core.package_identification:_identify(/home/amit/ak/src) by extensions ['colcon_meta']
[0.240s] Level 1:colcon.colcon_core.package_identification:_identify(/home/amit/ak/src) by extension 'colcon_meta'
[0.240s] Level 1:colcon.colcon_core.package_identification:_identify(/home/amit/ak/src) by extensions ['ros']
[0.240s] Level 1:colcon.colcon_core.package_identification:_identify(/home/amit/ak/src) by extension 'ros'
[0.256s] Level 1:colcon.colcon_core.package_identification:_identify(/home/amit/ak/src) by extensions ['cmake', 'python']
[0.256s] Level 1:colcon.colcon_core.package_identification:_identify(/home/amit/ak/src) by extension 'cmake'
[0.257s] Level 1:colcon.colcon_core.package_identification:_identify(/home/amit/ak/src) by extension 'python'
[0.257s] Level 1:colcon.colcon_core.package_identification:_identify(/home/amit/ak/src) by extensions ['python_setup_py']
[0.257s] Level 1:colcon.colcon_core.package_identification:_identify(/home/amit/ak/src) by extension 'python_setup_py'
[0.257s] Level 1:colcon.colcon_core.package_identification:_identify(/home/amit/ak/src/bot_control) by extensions ['ignore', 'ignore_ament_install']
[0.257s] Level 1:colcon.colcon_core.package_identification:_identify(/home/amit/ak/src/bot_control) by extension 'ignore'
[0.257s] Level 1:colcon.colcon_core.package_identification:_identify(/home/amit/ak/src/bot_control) by extension 'ignore_ament_install'
[0.257s] Level 1:colcon.colcon_core.package_identification:_identify(/home/amit/ak/src/bot_control) by extensions ['colcon_pkg']
[0.257s] Level 1:colcon.colcon_core.package_identification:_identify(/home/amit/ak/src/bot_control) by extension 'colcon_pkg'
[0.257s] Level 1:colcon.colcon_core.package_identification:_identify(/home/amit/ak/src/bot_control) by extensions ['colcon_meta']
[0.257s] Level 1:colcon.colcon_core.package_identification:_identify(/home/amit/ak/src/bot_control) by extension 'colcon_meta'
[0.257s] Level 1:colcon.colcon_core.package_identification:_identify(/home/amit/ak/src/bot_control) by extensions ['ros']
[0.258s] Level 1:colcon.colcon_core.package_identification:_identify(/home/amit/ak/src/bot_control) by extension 'ros'
[0.261s] DEBUG:colcon.colcon_core.package_identification:Package '/home/amit/ak/src/bot_control' with type 'ros.ament_cmake' and name 'bot_control'
[0.261s] Level 1:colcon.colcon_core.package_identification:_identify(/home/amit/ak/src/bot_description) by extensions ['ignore', 'ignore_ament_install']
[0.262s] Level 1:colcon.colcon_core.package_identification:_identify(/home/amit/ak/src/bot_description) by extension 'ignore'
[0.262s] Level 1:colcon.colcon_core.package_identification:_identify(/home/amit/ak/src/bot_description) by extension 'ignore_ament_install'
[0.262s] Level 1:colcon.colcon_core.package_identification:_identify(/home/amit/ak/src/bot_description) by extensions ['colcon_pkg']
[0.262s] Level 1:colcon.colcon_core.package_identification:_identify(/home/amit/ak/src/bot_description) by extension 'colcon_pkg'
[0.262s] Level 1:colcon.colcon_core.package_identification:_identify(/home/amit/ak/src/bot_description) by extensions ['colcon_meta']
[0.262s] Level 1:colcon.colcon_core.package_identification:_identify(/home/amit/ak/src/bot_description) by extension 'colcon_meta'
[0.262s] Level 1:colcon.colcon_core.package_identification:_identify(/home/amit/ak/src/bot_description) by extensions ['ros']
[0.262s] Level 1:colcon.colcon_core.package_identification:_identify(/home/amit/ak/src/bot_description) by extension 'ros'
[0.263s] DEBUG:colcon.colcon_core.package_identification:Package '/home/amit/ak/src/bot_description' with type 'ros.ament_cmake' and name 'bot_description'
[0.263s] Level 1:colcon.colcon_core.package_identification:_identify(/home/amit/ak/src/bot_world) by extensions ['ignore', 'ignore_ament_install']
[0.263s] Level 1:colcon.colcon_core.package_identification:_identify(/home/amit/ak/src/bot_world) by extension 'ignore'
[0.263s] Level 1:colcon.colcon_core.package_identification:_identify(/home/amit/ak/src/bot_world) by extension 'ignore_ament_install'
[0.263s] Level 1:colcon.colcon_core.package_identification:_identify(/home/amit/ak/src/bot_world) by extensions ['colcon_pkg']
[0.263s] Level 1:colcon.colcon_core.package_identification:_identify(/home/amit/ak/src/bot_world) by extension 'colcon_pkg'
[0.264s] Level 1:colcon.colcon_core.package_identification:_identify(/home/amit/ak/src/bot_world) by extensions ['colcon_meta']
[0.264s] Level 1:colcon.colcon_core.package_identification:_identify(/home/amit/ak/src/bot_world) by extension 'colcon_meta'
[0.264s] Level 1:colcon.colcon_core.package_identification:_identify(/home/amit/ak/src/bot_world) by extensions ['ros']
[0.264s] Level 1:colcon.colcon_core.package_identification:_identify(/home/amit/ak/src/bot_world) by extension 'ros'
[0.265s] DEBUG:colcon.colcon_core.package_identification:Package '/home/amit/ak/src/bot_world' with type 'ros.ament_cmake' and name 'bot_world'
[0.265s] Level 1:colcon.colcon_core.package_identification:_identify(/home/amit/ak/src/log) by extensions ['ignore', 'ignore_ament_install']
[0.265s] Level 1:colcon.colcon_core.package_identification:_identify(/home/amit/ak/src/log) by extension 'ignore'
[0.265s] Level 1:colcon.colcon_core.package_identification:_identify(/home/amit/ak/src/log) ignored
[0.265s] Level 1:colcon.colcon_core.package_discovery:discover_packages(recursive) using defaults
