[0.115s] DEBUG:colcon:Command line arguments: ['/usr/bin/colcon', 'list', '-p', '--base-paths', '/home/amit/amit_ws']
[0.115s] DEBUG:colcon:Parsed command line arguments: Namespace(log_base=None, log_level=None, verb_name='list', build_base='build', ignore_user_meta=False, metas=['./colcon.meta'], base_paths=['/home/amit/amit_ws'], packages_ignore=None, packages_ignore_regex=None, paths=None, packages_up_to=None, packages_up_to_regex=None, packages_above=None, packages_above_and_dependencies=None, packages_above_depth=None, packages_select_by_dep=None, packages_skip_by_dep=None, packages_skip_up_to=None, packages_select_build_failed=False, packages_skip_build_finished=False, packages_select_test_failures=False, packages_skip_test_passed=False, packages_select=None, packages_skip=None, packages_select_regex=None, packages_skip_regex=None, packages_start=None, packages_end=None, allow_overriding=[], topological_order=False, names_only=False, paths_only=True, topological_graph=False, topological_graph_dot=False, topological_graph_density=False, topological_graph_legend=False, topological_graph_dot_cluster=False, topological_graph_dot_include_skipped=False, verb_parser=<colcon_defaults.argument_parser.defaults.DefaultArgumentsDecorator object at 0x7f8473801de0>, verb_extension=<colcon_package_information.verb.list.ListVerb object at 0x7f847396aad0>, main=<bound method ListVerb.main of <colcon_package_information.verb.list.ListVerb object at 0x7f847396aad0>>)
[0.243s] Level 1:colcon.colcon_core.package_discovery:discover_packages(colcon_meta) check parameters
[0.243s] Level 1:colcon.colcon_core.package_discovery:discover_packages(recursive) check parameters
[0.243s] Level 1:colcon.colcon_core.package_discovery:discover_packages(ignore) check parameters
[0.243s] Level 1:colcon.colcon_core.package_discovery:discover_packages(path) check parameters
[0.243s] Level 1:colcon.colcon_core.package_discovery:discover_packages(recursive) discover
[0.243s] INFO:colcon.colcon_core.package_discovery:Crawling recursively for packages in '/home/amit/amit_ws'
[0.243s] Level 1:colcon.colcon_core.package_identification:_identify(/home/amit/amit_ws) by extensions ['ignore', 'ignore_ament_install']
[0.243s] Level 1:colcon.colcon_core.package_identification:_identify(/home/amit/amit_ws) by extension 'ignore'
[0.243s] Level 1:colcon.colcon_core.package_identification:_identify(/home/amit/amit_ws) by extension 'ignore_ament_install'
[0.243s] Level 1:colcon.colcon_core.package_identification:_identify(/home/amit/amit_ws) by extensions ['colcon_pkg']
[0.243s] Level 1:colcon.colcon_core.package_identification:_identify(/home/amit/amit_ws) by extension 'colcon_pkg'
[0.243s] Level 1:colcon.colcon_core.package_identification:_identify(/home/amit/amit_ws) by extensions ['colcon_meta']
[0.243s] Level 1:colcon.colcon_core.package_identification:_identify(/home/amit/amit_ws) by extension 'colcon_meta'
[0.243s] Level 1:colcon.colcon_core.package_identification:_identify(/home/amit/amit_ws) by extensions ['ros']
[0.243s] Level 1:colcon.colcon_core.package_identification:_identify(/home/amit/amit_ws) by extension 'ros'
[0.254s] Level 1:colcon.colcon_core.package_identification:_identify(/home/amit/amit_ws) by extensions ['cmake', 'python']
[0.254s] Level 1:colcon.colcon_core.package_identification:_identify(/home/amit/amit_ws) by extension 'cmake'
[0.254s] Level 1:colcon.colcon_core.package_identification:_identify(/home/amit/amit_ws) by extension 'python'
[0.254s] Level 1:colcon.colcon_core.package_identification:_identify(/home/amit/amit_ws) by extensions ['python_setup_py']
[0.254s] Level 1:colcon.colcon_core.package_identification:_identify(/home/amit/amit_ws) by extension 'python_setup_py'
[0.254s] Level 1:colcon.colcon_core.package_identification:_identify(/home/amit/amit_ws/build) by extensions ['ignore', 'ignore_ament_install']
[0.254s] Level 1:colcon.colcon_core.package_identification:_identify(/home/amit/amit_ws/build) by extension 'ignore'
[0.254s] Level 1:colcon.colcon_core.package_identification:_identify(/home/amit/amit_ws/build) ignored
[0.254s] Level 1:colcon.colcon_core.package_identification:_identify(/home/amit/amit_ws/install) by extensions ['ignore', 'ignore_ament_install']
[0.254s] Level 1:colcon.colcon_core.package_identification:_identify(/home/amit/amit_ws/install) by extension 'ignore'
[0.254s] Level 1:colcon.colcon_core.package_identification:_identify(/home/amit/amit_ws/install) ignored
[0.254s] Level 1:colcon.colcon_core.package_identification:_identify(/home/amit/amit_ws/log) by extensions ['ignore', 'ignore_ament_install']
[0.254s] Level 1:colcon.colcon_core.package_identification:_identify(/home/amit/amit_ws/log) by extension 'ignore'
[0.254s] Level 1:colcon.colcon_core.package_identification:_identify(/home/amit/amit_ws/log) ignored
[0.254s] Level 1:colcon.colcon_core.package_identification:_identify(/home/amit/amit_ws/src) by extensions ['ignore', 'ignore_ament_install']
[0.254s] Level 1:colcon.colcon_core.package_identification:_identify(/home/amit/amit_ws/src) by extension 'ignore'
[0.254s] Level 1:colcon.colcon_core.package_identification:_identify(/home/amit/amit_ws/src) by extension 'ignore_ament_install'
[0.254s] Level 1:colcon.colcon_core.package_identification:_identify(/home/amit/amit_ws/src) by extensions ['colcon_pkg']
[0.254s] Level 1:colcon.colcon_core.package_identification:_identify(/home/amit/amit_ws/src) by extension 'colcon_pkg'
[0.254s] Level 1:colcon.colcon_core.package_identification:_identify(/home/amit/amit_ws/src) by extensions ['colcon_meta']
[0.255s] Level 1:colcon.colcon_core.package_identification:_identify(/home/amit/amit_ws/src) by extension 'colcon_meta'
[0.255s] Level 1:colcon.colcon_core.package_identification:_identify(/home/amit/amit_ws/src) by extensions ['ros']
[0.255s] Level 1:colcon.colcon_core.package_identification:_identify(/home/amit/amit_ws/src) by extension 'ros'
[0.255s] Level 1:colcon.colcon_core.package_identification:_identify(/home/amit/amit_ws/src) by extensions ['cmake', 'python']
[0.255s] Level 1:colcon.colcon_core.package_identification:_identify(/home/amit/amit_ws/src) by extension 'cmake'
[0.255s] Level 1:colcon.colcon_core.package_identification:_identify(/home/amit/amit_ws/src) by extension 'python'
[0.255s] Level 1:colcon.colcon_core.package_identification:_identify(/home/amit/amit_ws/src) by extensions ['python_setup_py']
[0.255s] Level 1:colcon.colcon_core.package_identification:_identify(/home/amit/amit_ws/src) by extension 'python_setup_py'
[0.255s] Level 1:colcon.colcon_core.package_identification:_identify(/home/amit/amit_ws/src/bot_control) by extensions ['ignore', 'ignore_ament_install']
[0.255s] Level 1:colcon.colcon_core.package_identification:_identify(/home/amit/amit_ws/src/bot_control) by extension 'ignore'
[0.255s] Level 1:colcon.colcon_core.package_identification:_identify(/home/amit/amit_ws/src/bot_control) by extension 'ignore_ament_install'
[0.255s] Level 1:colcon.colcon_core.package_identification:_identify(/home/amit/amit_ws/src/bot_control) by extensions ['colcon_pkg']
[0.255s] Level 1:colcon.colcon_core.package_identification:_identify(/home/amit/amit_ws/src/bot_control) by extension 'colcon_pkg'
[0.255s] Level 1:colcon.colcon_core.package_identification:_identify(/home/amit/amit_ws/src/bot_control) by extensions ['colcon_meta']
[0.255s] Level 1:colcon.colcon_core.package_identification:_identify(/home/amit/amit_ws/src/bot_control) by extension 'colcon_meta'
[0.255s] Level 1:colcon.colcon_core.package_identification:_identify(/home/amit/amit_ws/src/bot_control) by extensions ['ros']
[0.255s] Level 1:colcon.colcon_core.package_identification:_identify(/home/amit/amit_ws/src/bot_control) by extension 'ros'
[0.257s] DEBUG:colcon.colcon_core.package_identification:Package '/home/amit/amit_ws/src/bot_control' with type 'ros.ament_cmake' and name 'bot_control'
[0.257s] Level 1:colcon.colcon_core.package_identification:_identify(/home/amit/amit_ws/src/bot_description) by extensions ['ignore', 'ignore_ament_install']
[0.257s] Level 1:colcon.colcon_core.package_identification:_identify(/home/amit/amit_ws/src/bot_description) by extension 'ignore'
[0.257s] Level 1:colcon.colcon_core.package_identification:_identify(/home/amit/amit_ws/src/bot_description) by extension 'ignore_ament_install'
[0.257s] Level 1:colcon.colcon_core.package_identification:_identify(/home/amit/amit_ws/src/bot_description) by extensions ['colcon_pkg']
[0.257s] Level 1:colcon.colcon_core.package_identification:_identify(/home/amit/amit_ws/src/bot_description) by extension 'colcon_pkg'
[0.257s] Level 1:colcon.colcon_core.package_identification:_identify(/home/amit/amit_ws/src/bot_description) by extensions ['colcon_meta']
[0.257s] Level 1:colcon.colcon_core.package_identification:_identify(/home/amit/amit_ws/src/bot_description) by extension 'colcon_meta'
[0.257s] Level 1:colcon.colcon_core.package_identification:_identify(/home/amit/amit_ws/src/bot_description) by extensions ['ros']
[0.257s] Level 1:colcon.colcon_core.package_identification:_identify(/home/amit/amit_ws/src/bot_description) by extension 'ros'
[0.258s] DEBUG:colcon.colcon_core.package_identification:Package '/home/amit/amit_ws/src/bot_description' with type 'ros.ament_cmake' and name 'bot_description'
[0.258s] Level 1:colcon.colcon_core.package_identification:_identify(/home/amit/amit_ws/src/bot_world) by extensions ['ignore', 'ignore_ament_install']
[0.258s] Level 1:colcon.colcon_core.package_identification:_identify(/home/amit/amit_ws/src/bot_world) by extension 'ignore'
[0.258s] Level 1:colcon.colcon_core.package_identification:_identify(/home/amit/amit_ws/src/bot_world) by extension 'ignore_ament_install'
[0.258s] Level 1:colcon.colcon_core.package_identification:_identify(/home/amit/amit_ws/src/bot_world) by extensions ['colcon_pkg']
[0.258s] Level 1:colcon.colcon_core.package_identification:_identify(/home/amit/amit_ws/src/bot_world) by extension 'colcon_pkg'
[0.258s] Level 1:colcon.colcon_core.package_identification:_identify(/home/amit/amit_ws/src/bot_world) by extensions ['colcon_meta']
[0.258s] Level 1:colcon.colcon_core.package_identification:_identify(/home/amit/amit_ws/src/bot_world) by extension 'colcon_meta'
[0.258s] Level 1:colcon.colcon_core.package_identification:_identify(/home/amit/amit_ws/src/bot_world) by extensions ['ros']
[0.258s] Level 1:colcon.colcon_core.package_identification:_identify(/home/amit/amit_ws/src/bot_world) by extension 'ros'
[0.259s] DEBUG:colcon.colcon_core.package_identification:Package '/home/amit/amit_ws/src/bot_world' with type 'ros.ament_cmake' and name 'bot_world'
[0.259s] Level 1:colcon.colcon_core.package_identification:_identify(/home/amit/amit_ws/src/log) by extensions ['ignore', 'ignore_ament_install']
[0.259s] Level 1:colcon.colcon_core.package_identification:_identify(/home/amit/amit_ws/src/log) by extension 'ignore'
[0.259s] Level 1:colcon.colcon_core.package_identification:_identify(/home/amit/amit_ws/src/log) ignored
[0.259s] Level 1:colcon.colcon_core.package_discovery:discover_packages(recursive) using defaults
