[0.121s] DEBUG:colcon:Command line arguments: ['/usr/bin/colcon', 'build', '--symlink-install']
[0.121s] DEBUG:colcon:Parsed command line arguments: Namespace(log_base=None, log_level=None, verb_name='build', build_base='build', install_base='install', merge_install=False, symlink_install=True, test_result_base=None, continue_on_error=False, executor='parallel', parallel_workers=12, event_handlers=None, ignore_user_meta=False, metas=['./colcon.meta'], base_paths=['.'], packages_ignore=None, packages_ignore_regex=None, paths=None, packages_up_to=None, packages_up_to_regex=None, packages_above=None, packages_above_and_dependencies=None, packages_above_depth=None, packages_select_by_dep=None, packages_skip_by_dep=None, packages_skip_up_to=None, packages_select_build_failed=False, packages_skip_build_finished=False, packages_select_test_failures=False, packages_skip_test_passed=False, packages_select=None, packages_skip=None, packages_select_regex=None, packages_skip_regex=None, packages_start=None, packages_end=None, allow_overriding=[], cmake_args=None, cmake_target=None, cmake_target_skip_unavailable=False, cmake_clean_cache=False, cmake_clean_first=False, cmake_force_configure=False, ament_cmake_args=None, catkin_cmake_args=None, catkin_skip_building_tests=False, mixin_files=None, mixin=None, verb_parser=<colcon_mixin.mixin.mixin_argument.MixinArgumentDecorator object at 0x78533a9d5e70>, verb_extension=<colcon_core.verb.build.BuildVerb object at 0x78533a9d5750>, main=<bound method BuildVerb.main of <colcon_core.verb.build.BuildVerb object at 0x78533a9d5750>>, mixin_verb=('build',))
[0.245s] Level 1:colcon.colcon_core.package_discovery:discover_packages(colcon_meta) check parameters
[0.245s] Level 1:colcon.colcon_core.package_discovery:discover_packages(recursive) check parameters
[0.245s] Level 1:colcon.colcon_core.package_discovery:discover_packages(ignore) check parameters
[0.245s] Level 1:colcon.colcon_core.package_discovery:discover_packages(path) check parameters
[0.245s] Level 1:colcon.colcon_core.package_discovery:discover_packages(colcon_meta) discover
[0.245s] Level 1:colcon.colcon_core.package_discovery:discover_packages(recursive) discover
[0.245s] INFO:colcon.colcon_core.package_discovery:Crawling recursively for packages in '/home/amitk/amit_ws'
[0.245s] Level 1:colcon.colcon_core.package_identification:_identify(.) by extensions ['ignore', 'ignore_ament_install']
[0.245s] Level 1:colcon.colcon_core.package_identification:_identify(.) by extension 'ignore'
[0.245s] Level 1:colcon.colcon_core.package_identification:_identify(.) by extension 'ignore_ament_install'
[0.245s] Level 1:colcon.colcon_core.package_identification:_identify(.) by extensions ['colcon_pkg']
[0.245s] Level 1:colcon.colcon_core.package_identification:_identify(.) by extension 'colcon_pkg'
[0.245s] Level 1:colcon.colcon_core.package_identification:_identify(.) by extensions ['colcon_meta']
[0.245s] Level 1:colcon.colcon_core.package_identification:_identify(.) by extension 'colcon_meta'
[0.245s] Level 1:colcon.colcon_core.package_identification:_identify(.) by extensions ['ros']
[0.245s] Level 1:colcon.colcon_core.package_identification:_identify(.) by extension 'ros'
[0.253s] Level 1:colcon.colcon_core.package_identification:_identify(.) by extensions ['cmake', 'python']
[0.253s] Level 1:colcon.colcon_core.package_identification:_identify(.) by extension 'cmake'
[0.253s] Level 1:colcon.colcon_core.package_identification:_identify(.) by extension 'python'
[0.253s] Level 1:colcon.colcon_core.package_identification:_identify(.) by extensions ['python_setup_py']
[0.253s] Level 1:colcon.colcon_core.package_identification:_identify(.) by extension 'python_setup_py'
[0.253s] Level 1:colcon.colcon_core.package_identification:_identify(build) by extensions ['ignore', 'ignore_ament_install']
[0.254s] Level 1:colcon.colcon_core.package_identification:_identify(build) by extension 'ignore'
[0.254s] Level 1:colcon.colcon_core.package_identification:_identify(build) ignored
[0.254s] Level 1:colcon.colcon_core.package_identification:_identify(install) by extensions ['ignore', 'ignore_ament_install']
[0.254s] Level 1:colcon.colcon_core.package_identification:_identify(install) by extension 'ignore'
[0.254s] Level 1:colcon.colcon_core.package_identification:_identify(install) ignored
[0.254s] Level 1:colcon.colcon_core.package_identification:_identify(log) by extensions ['ignore', 'ignore_ament_install']
[0.254s] Level 1:colcon.colcon_core.package_identification:_identify(log) by extension 'ignore'
[0.254s] Level 1:colcon.colcon_core.package_identification:_identify(log) ignored
[0.254s] Level 1:colcon.colcon_core.package_identification:_identify(src) by extensions ['ignore', 'ignore_ament_install']
[0.254s] Level 1:colcon.colcon_core.package_identification:_identify(src) by extension 'ignore'
[0.254s] Level 1:colcon.colcon_core.package_identification:_identify(src) by extension 'ignore_ament_install'
[0.254s] Level 1:colcon.colcon_core.package_identification:_identify(src) by extensions ['colcon_pkg']
[0.254s] Level 1:colcon.colcon_core.package_identification:_identify(src) by extension 'colcon_pkg'
[0.254s] Level 1:colcon.colcon_core.package_identification:_identify(src) by extensions ['colcon_meta']
[0.254s] Level 1:colcon.colcon_core.package_identification:_identify(src) by extension 'colcon_meta'
[0.254s] Level 1:colcon.colcon_core.package_identification:_identify(src) by extensions ['ros']
[0.254s] Level 1:colcon.colcon_core.package_identification:_identify(src) by extension 'ros'
[0.254s] Level 1:colcon.colcon_core.package_identification:_identify(src) by extensions ['cmake', 'python']
[0.254s] Level 1:colcon.colcon_core.package_identification:_identify(src) by extension 'cmake'
[0.254s] Level 1:colcon.colcon_core.package_identification:_identify(src) by extension 'python'
[0.254s] Level 1:colcon.colcon_core.package_identification:_identify(src) by extensions ['python_setup_py']
[0.254s] Level 1:colcon.colcon_core.package_identification:_identify(src) by extension 'python_setup_py'
[0.254s] Level 1:colcon.colcon_core.package_identification:_identify(src/autobot) by extensions ['ignore', 'ignore_ament_install']
[0.254s] Level 1:colcon.colcon_core.package_identification:_identify(src/autobot) by extension 'ignore'
[0.254s] Level 1:colcon.colcon_core.package_identification:_identify(src/autobot) by extension 'ignore_ament_install'
[0.254s] Level 1:colcon.colcon_core.package_identification:_identify(src/autobot) by extensions ['colcon_pkg']
[0.254s] Level 1:colcon.colcon_core.package_identification:_identify(src/autobot) by extension 'colcon_pkg'
[0.254s] Level 1:colcon.colcon_core.package_identification:_identify(src/autobot) by extensions ['colcon_meta']
[0.254s] Level 1:colcon.colcon_core.package_identification:_identify(src/autobot) by extension 'colcon_meta'
[0.254s] Level 1:colcon.colcon_core.package_identification:_identify(src/autobot) by extensions ['ros']
[0.254s] Level 1:colcon.colcon_core.package_identification:_identify(src/autobot) by extension 'ros'
[0.256s] DEBUG:colcon.colcon_core.package_identification:Package 'src/autobot' with type 'ros.ament_cmake' and name 'autobot'
[0.256s] Level 1:colcon.colcon_core.package_identification:_identify(src/odom_computation) by extensions ['ignore', 'ignore_ament_install']
[0.256s] Level 1:colcon.colcon_core.package_identification:_identify(src/odom_computation) by extension 'ignore'
[0.256s] Level 1:colcon.colcon_core.package_identification:_identify(src/odom_computation) by extension 'ignore_ament_install'
[0.256s] Level 1:colcon.colcon_core.package_identification:_identify(src/odom_computation) by extensions ['colcon_pkg']
[0.256s] Level 1:colcon.colcon_core.package_identification:_identify(src/odom_computation) by extension 'colcon_pkg'
[0.256s] Level 1:colcon.colcon_core.package_identification:_identify(src/odom_computation) by extensions ['colcon_meta']
[0.256s] Level 1:colcon.colcon_core.package_identification:_identify(src/odom_computation) by extension 'colcon_meta'
[0.256s] Level 1:colcon.colcon_core.package_identification:_identify(src/odom_computation) by extensions ['ros']
[0.256s] Level 1:colcon.colcon_core.package_identification:_identify(src/odom_computation) by extension 'ros'
[0.257s] DEBUG:colcon.colcon_core.package_identification:Package 'src/odom_computation' with type 'ros.ament_python' and name 'odom_computation'
[0.257s] Level 1:colcon.colcon_core.package_discovery:discover_packages(recursive) using defaults
[0.257s] Level 1:colcon.colcon_core.package_discovery:discover_packages(ignore) discover
[0.257s] Level 1:colcon.colcon_core.package_discovery:discover_packages(ignore) using defaults
[0.257s] Level 1:colcon.colcon_core.package_discovery:discover_packages(path) discover
[0.257s] Level 1:colcon.colcon_core.package_discovery:discover_packages(path) using defaults
[0.280s] Level 1:colcon.colcon_core.package_discovery:discover_packages(prefix_path) check parameters
[0.280s] Level 1:colcon.colcon_core.package_discovery:discover_packages(prefix_path) discover
[0.283s] DEBUG:colcon.colcon_installed_package_information.package_discovery:Found 371 installed packages in /opt/ros/humble
[0.284s] Level 1:colcon.colcon_core.package_discovery:discover_packages(prefix_path) using defaults
[0.307s] Level 5:colcon.colcon_core.verb:set package 'autobot' build argument 'cmake_args' from command line to 'None'
[0.307s] Level 5:colcon.colcon_core.verb:set package 'autobot' build argument 'cmake_target' from command line to 'None'
[0.307s] Level 5:colcon.colcon_core.verb:set package 'autobot' build argument 'cmake_target_skip_unavailable' from command line to 'False'
[0.307s] Level 5:colcon.colcon_core.verb:set package 'autobot' build argument 'cmake_clean_cache' from command line to 'False'
[0.307s] Level 5:colcon.colcon_core.verb:set package 'autobot' build argument 'cmake_clean_first' from command line to 'False'
[0.307s] Level 5:colcon.colcon_core.verb:set package 'autobot' build argument 'cmake_force_configure' from command line to 'False'
[0.307s] Level 5:colcon.colcon_core.verb:set package 'autobot' build argument 'ament_cmake_args' from command line to 'None'
[0.307s] Level 5:colcon.colcon_core.verb:set package 'autobot' build argument 'catkin_cmake_args' from command line to 'None'
[0.307s] Level 5:colcon.colcon_core.verb:set package 'autobot' build argument 'catkin_skip_building_tests' from command line to 'False'
[0.307s] DEBUG:colcon.colcon_core.verb:Building package 'autobot' with the following arguments: {'ament_cmake_args': None, 'build_base': '/home/amitk/amit_ws/build/autobot', 'catkin_cmake_args': None, 'catkin_skip_building_tests': False, 'cmake_args': None, 'cmake_clean_cache': False, 'cmake_clean_first': False, 'cmake_force_configure': False, 'cmake_target': None, 'cmake_target_skip_unavailable': False, 'install_base': '/home/amitk/amit_ws/install/autobot', 'merge_install': False, 'path': '/home/amitk/amit_ws/src/autobot', 'symlink_install': True, 'test_result_base': None}
[0.307s] Level 5:colcon.colcon_core.verb:set package 'odom_computation' build argument 'cmake_args' from command line to 'None'
[0.307s] Level 5:colcon.colcon_core.verb:set package 'odom_computation' build argument 'cmake_target' from command line to 'None'
[0.307s] Level 5:colcon.colcon_core.verb:set package 'odom_computation' build argument 'cmake_target_skip_unavailable' from command line to 'False'
[0.307s] Level 5:colcon.colcon_core.verb:set package 'odom_computation' build argument 'cmake_clean_cache' from command line to 'False'
[0.307s] Level 5:colcon.colcon_core.verb:set package 'odom_computation' build argument 'cmake_clean_first' from command line to 'False'
[0.307s] Level 5:colcon.colcon_core.verb:set package 'odom_computation' build argument 'cmake_force_configure' from command line to 'False'
[0.307s] Level 5:colcon.colcon_core.verb:set package 'odom_computation' build argument 'ament_cmake_args' from command line to 'None'
[0.307s] Level 5:colcon.colcon_core.verb:set package 'odom_computation' build argument 'catkin_cmake_args' from command line to 'None'
[0.307s] Level 5:colcon.colcon_core.verb:set package 'odom_computation' build argument 'catkin_skip_building_tests' from command line to 'False'
[0.307s] DEBUG:colcon.colcon_core.verb:Building package 'odom_computation' with the following arguments: {'ament_cmake_args': None, 'build_base': '/home/amitk/amit_ws/build/odom_computation', 'catkin_cmake_args': None, 'catkin_skip_building_tests': False, 'cmake_args': None, 'cmake_clean_cache': False, 'cmake_clean_first': False, 'cmake_force_configure': False, 'cmake_target': None, 'cmake_target_skip_unavailable': False, 'install_base': '/home/amitk/amit_ws/install/odom_computation', 'merge_install': False, 'path': '/home/amitk/amit_ws/src/odom_computation', 'symlink_install': True, 'test_result_base': None}
[0.307s] INFO:colcon.colcon_core.executor:Executing jobs using 'parallel' executor
[0.308s] DEBUG:colcon.colcon_parallel_executor.executor.parallel:run_until_complete
[0.308s] INFO:colcon.colcon_ros.task.ament_cmake.build:Building ROS package in '/home/amitk/amit_ws/src/autobot' with build type 'ament_cmake'
[0.308s] INFO:colcon.colcon_cmake.task.cmake.build:Building CMake package in '/home/amitk/amit_ws/src/autobot'
[0.311s] INFO:colcon.colcon_core.plugin_system:Skipping extension 'colcon_core.shell.bat': Not used on non-Windows systems
[0.311s] INFO:colcon.colcon_core.shell:Skip shell extension 'powershell' for command environment: Not usable outside of PowerShell
[0.311s] DEBUG:colcon.colcon_core.shell:Skip shell extension 'dsv' for command environment
[0.313s] INFO:colcon.colcon_ros.task.ament_python.build:Building ROS package in '/home/amitk/amit_ws/src/odom_computation' with build type 'ament_python'
[0.313s] Level 1:colcon.colcon_core.shell:create_environment_hook('odom_computation', 'ament_prefix_path')
[0.313s] INFO:colcon.colcon_core.shell:Creating environment hook '/home/amitk/amit_ws/install/odom_computation/share/odom_computation/hook/ament_prefix_path.ps1'
[0.314s] INFO:colcon.colcon_core.shell:Creating environment descriptor '/home/amitk/amit_ws/install/odom_computation/share/odom_computation/hook/ament_prefix_path.dsv'
[0.314s] INFO:colcon.colcon_core.shell:Creating environment hook '/home/amitk/amit_ws/install/odom_computation/share/odom_computation/hook/ament_prefix_path.sh'
[0.315s] INFO:colcon.colcon_core.shell:Skip shell extension 'powershell' for command environment: Not usable outside of PowerShell
[0.315s] DEBUG:colcon.colcon_core.shell:Skip shell extension 'dsv' for command environment
[0.319s] DEBUG:colcon.colcon_core.event_handler.log_command:Invoking command in '/home/amitk/amit_ws/build/autobot': CMAKE_PREFIX_PATH=/opt/ros/humble /usr/bin/cmake /home/amitk/amit_ws/src/autobot -DAMENT_CMAKE_SYMLINK_INSTALL=1 -DCMAKE_INSTALL_PREFIX=/home/amitk/amit_ws/install/autobot
[0.465s] INFO:colcon.colcon_core.task.python.build:Building Python package in '/home/amitk/amit_ws/src/odom_computation'
[0.465s] INFO:colcon.colcon_core.shell:Skip shell extension 'powershell' for command environment: Not usable outside of PowerShell
[0.465s] DEBUG:colcon.colcon_core.shell:Skip shell extension 'dsv' for command environment
[0.710s] DEBUG:colcon.colcon_core.event_handler.log_command:Invoking command in '/home/amitk/amit_ws/build/odom_computation': PYTHONPATH=/home/amitk/amit_ws/build/odom_computation/prefix_override:/usr/lib/python3/dist-packages/colcon_core/task/python/colcon_distutils_commands:/home/amitk/amit_ws/install/odom_computation/lib/python3.10/site-packages:${PYTHONPATH} /usr/bin/python3 -W ignore:setup.py install is deprecated -W ignore:easy_install command is deprecated setup.py develop --editable --build-directory /home/amitk/amit_ws/build/odom_computation/build --no-deps symlink_data
[0.831s] DEBUG:colcon.colcon_core.event_handler.log_command:Invoked command in '/home/amitk/amit_ws/build/autobot' returned '0': CMAKE_PREFIX_PATH=/opt/ros/humble /usr/bin/cmake /home/amitk/amit_ws/src/autobot -DAMENT_CMAKE_SYMLINK_INSTALL=1 -DCMAKE_INSTALL_PREFIX=/home/amitk/amit_ws/install/autobot
[0.833s] DEBUG:colcon.colcon_core.event_handler.log_command:Invoking command in '/home/amitk/amit_ws/build/autobot': CMAKE_PREFIX_PATH=/opt/ros/humble /usr/bin/cmake --build /home/amitk/amit_ws/build/autobot -- -j12 -l12
[0.861s] DEBUG:colcon.colcon_core.event_handler.log_command:Invoked command in '/home/amitk/amit_ws/build/autobot' returned '0': CMAKE_PREFIX_PATH=/opt/ros/humble /usr/bin/cmake --build /home/amitk/amit_ws/build/autobot -- -j12 -l12
[0.866s] DEBUG:colcon.colcon_core.event_handler.log_command:Invoking command in '/home/amitk/amit_ws/build/autobot': CMAKE_PREFIX_PATH=/opt/ros/humble /usr/bin/cmake --install /home/amitk/amit_ws/build/autobot
[0.960s] Level 1:colcon.colcon_core.shell:create_environment_hook('odom_computation', 'pythonpath_develop')
[0.960s] INFO:colcon.colcon_core.shell:Creating environment hook '/home/amitk/amit_ws/build/odom_computation/share/odom_computation/hook/pythonpath_develop.ps1'
[0.961s] DEBUG:colcon.colcon_core.event_handler.log_command:Invoked command in '/home/amitk/amit_ws/build/odom_computation' returned '0': PYTHONPATH=/home/amitk/amit_ws/build/odom_computation/prefix_override:/usr/lib/python3/dist-packages/colcon_core/task/python/colcon_distutils_commands:/home/amitk/amit_ws/install/odom_computation/lib/python3.10/site-packages:${PYTHONPATH} /usr/bin/python3 -W ignore:setup.py install is deprecated -W ignore:easy_install command is deprecated setup.py develop --editable --build-directory /home/amitk/amit_ws/build/odom_computation/build --no-deps symlink_data
[0.961s] INFO:colcon.colcon_core.shell:Creating environment descriptor '/home/amitk/amit_ws/build/odom_computation/share/odom_computation/hook/pythonpath_develop.dsv'
[0.961s] INFO:colcon.colcon_core.shell:Creating environment hook '/home/amitk/amit_ws/build/odom_computation/share/odom_computation/hook/pythonpath_develop.sh'
[0.965s] Level 1:colcon.colcon_core.environment:checking '/home/amitk/amit_ws/install/odom_computation' for CMake module files
[0.965s] Level 1:colcon.colcon_core.environment:checking '/home/amitk/amit_ws/install/odom_computation' for CMake config files
[0.965s] Level 1:colcon.colcon_core.environment:checking '/home/amitk/amit_ws/install/odom_computation/lib'
[0.965s] Level 1:colcon.colcon_core.environment:checking '/home/amitk/amit_ws/install/odom_computation/bin'
[0.965s] Level 1:colcon.colcon_core.environment:checking '/home/amitk/amit_ws/install/odom_computation/lib/pkgconfig/odom_computation.pc'
[0.965s] Level 1:colcon.colcon_core.environment:checking '/home/amitk/amit_ws/install/odom_computation/lib/python3.10/site-packages'
[0.965s] Level 1:colcon.colcon_core.shell:create_environment_hook('odom_computation', 'pythonpath')
[0.966s] INFO:colcon.colcon_core.shell:Creating environment hook '/home/amitk/amit_ws/install/odom_computation/share/odom_computation/hook/pythonpath.ps1'
[0.966s] INFO:colcon.colcon_core.shell:Creating environment descriptor '/home/amitk/amit_ws/install/odom_computation/share/odom_computation/hook/pythonpath.dsv'
[0.966s] INFO:colcon.colcon_core.shell:Creating environment hook '/home/amitk/amit_ws/install/odom_computation/share/odom_computation/hook/pythonpath.sh'
[0.966s] Level 1:colcon.colcon_core.environment:checking '/home/amitk/amit_ws/install/odom_computation/bin'
[0.966s] Level 1:colcon.colcon_core.environment:create_environment_scripts_only(odom_computation)
[0.967s] INFO:colcon.colcon_core.shell:Creating package script '/home/amitk/amit_ws/install/odom_computation/share/odom_computation/package.ps1'
[0.967s] INFO:colcon.colcon_core.shell:Creating package descriptor '/home/amitk/amit_ws/install/odom_computation/share/odom_computation/package.dsv'
[0.968s] INFO:colcon.colcon_core.shell:Creating package script '/home/amitk/amit_ws/install/odom_computation/share/odom_computation/package.sh'
[0.968s] INFO:colcon.colcon_core.shell:Creating package script '/home/amitk/amit_ws/install/odom_computation/share/odom_computation/package.bash'
[0.969s] INFO:colcon.colcon_core.shell:Creating package script '/home/amitk/amit_ws/install/odom_computation/share/odom_computation/package.zsh'
[0.969s] Level 1:colcon.colcon_core.environment:create_file_with_runtime_dependencies(/home/amitk/amit_ws/install/odom_computation/share/colcon-core/packages/odom_computation)
[1.135s] Level 1:colcon.colcon_core.environment:create_environment_scripts_only(autobot)
[1.136s] DEBUG:colcon.colcon_core.event_handler.log_command:Invoked command in '/home/amitk/amit_ws/build/autobot' returned '0': CMAKE_PREFIX_PATH=/opt/ros/humble /usr/bin/cmake --install /home/amitk/amit_ws/build/autobot
[1.136s] Level 1:colcon.colcon_core.environment:checking '/home/amitk/amit_ws/install/autobot' for CMake module files
[1.136s] Level 1:colcon.colcon_core.environment:checking '/home/amitk/amit_ws/install/autobot' for CMake config files
[1.137s] Level 1:colcon.colcon_core.shell:create_environment_hook('autobot', 'cmake_prefix_path')
[1.137s] INFO:colcon.colcon_core.shell:Creating environment hook '/home/amitk/amit_ws/install/autobot/share/autobot/hook/cmake_prefix_path.ps1'
[1.137s] INFO:colcon.colcon_core.shell:Creating environment descriptor '/home/amitk/amit_ws/install/autobot/share/autobot/hook/cmake_prefix_path.dsv'
[1.137s] INFO:colcon.colcon_core.shell:Creating environment hook '/home/amitk/amit_ws/install/autobot/share/autobot/hook/cmake_prefix_path.sh'
[1.138s] Level 1:colcon.colcon_core.environment:checking '/home/amitk/amit_ws/install/autobot/bin'
[1.138s] Level 1:colcon.colcon_core.environment:checking '/home/amitk/amit_ws/install/autobot/lib/pkgconfig/autobot.pc'
[1.138s] Level 1:colcon.colcon_core.environment:checking '/home/amitk/amit_ws/install/autobot/lib/python3.10/site-packages'
[1.138s] Level 1:colcon.colcon_core.environment:checking '/home/amitk/amit_ws/install/autobot/bin'
[1.138s] INFO:colcon.colcon_core.shell:Creating package script '/home/amitk/amit_ws/install/autobot/share/autobot/package.ps1'
[1.138s] INFO:colcon.colcon_core.shell:Creating package descriptor '/home/amitk/amit_ws/install/autobot/share/autobot/package.dsv'
[1.138s] INFO:colcon.colcon_core.shell:Creating package script '/home/amitk/amit_ws/install/autobot/share/autobot/package.sh'
[1.139s] INFO:colcon.colcon_core.shell:Creating package script '/home/amitk/amit_ws/install/autobot/share/autobot/package.bash'
[1.139s] INFO:colcon.colcon_core.shell:Creating package script '/home/amitk/amit_ws/install/autobot/share/autobot/package.zsh'
[1.139s] Level 1:colcon.colcon_core.environment:create_file_with_runtime_dependencies(/home/amitk/amit_ws/install/autobot/share/colcon-core/packages/autobot)
[1.139s] Level 1:colcon.colcon_core.environment:create_environment_scripts_only(autobot)
[1.139s] Level 1:colcon.colcon_core.environment:checking '/home/amitk/amit_ws/install/autobot' for CMake module files
[1.140s] Level 1:colcon.colcon_core.environment:checking '/home/amitk/amit_ws/install/autobot' for CMake config files
[1.140s] Level 1:colcon.colcon_core.shell:create_environment_hook('autobot', 'cmake_prefix_path')
[1.140s] INFO:colcon.colcon_core.shell:Creating environment hook '/home/amitk/amit_ws/install/autobot/share/autobot/hook/cmake_prefix_path.ps1'
[1.140s] INFO:colcon.colcon_core.shell:Creating environment descriptor '/home/amitk/amit_ws/install/autobot/share/autobot/hook/cmake_prefix_path.dsv'
[1.141s] INFO:colcon.colcon_core.shell:Creating environment hook '/home/amitk/amit_ws/install/autobot/share/autobot/hook/cmake_prefix_path.sh'
[1.141s] Level 1:colcon.colcon_core.environment:checking '/home/amitk/amit_ws/install/autobot/bin'
[1.141s] Level 1:colcon.colcon_core.environment:checking '/home/amitk/amit_ws/install/autobot/lib/pkgconfig/autobot.pc'
[1.141s] Level 1:colcon.colcon_core.environment:checking '/home/amitk/amit_ws/install/autobot/lib/python3.10/site-packages'
[1.141s] Level 1:colcon.colcon_core.environment:checking '/home/amitk/amit_ws/install/autobot/bin'
[1.141s] INFO:colcon.colcon_core.shell:Creating package script '/home/amitk/amit_ws/install/autobot/share/autobot/package.ps1'
[1.142s] INFO:colcon.colcon_core.shell:Creating package descriptor '/home/amitk/amit_ws/install/autobot/share/autobot/package.dsv'
[1.142s] INFO:colcon.colcon_core.shell:Creating package script '/home/amitk/amit_ws/install/autobot/share/autobot/package.sh'
[1.142s] INFO:colcon.colcon_core.shell:Creating package script '/home/amitk/amit_ws/install/autobot/share/autobot/package.bash'
[1.142s] INFO:colcon.colcon_core.shell:Creating package script '/home/amitk/amit_ws/install/autobot/share/autobot/package.zsh'
[1.143s] Level 1:colcon.colcon_core.environment:create_file_with_runtime_dependencies(/home/amitk/amit_ws/install/autobot/share/colcon-core/packages/autobot)
[1.143s] DEBUG:colcon.colcon_parallel_executor.executor.parallel:closing loop
[1.143s] DEBUG:colcon.colcon_parallel_executor.executor.parallel:loop closed
[1.143s] DEBUG:colcon.colcon_parallel_executor.executor.parallel:run_until_complete finished with '0'
[1.143s] DEBUG:colcon.colcon_core.event_reactor:joining thread
[1.148s] INFO:colcon.colcon_core.plugin_system:Skipping extension 'colcon_notification.desktop_notification.terminal_notifier': Not used on non-Darwin systems
[1.148s] INFO:colcon.colcon_core.plugin_system:Skipping extension 'colcon_notification.desktop_notification.win32': Not used on non-Windows systems
[1.148s] INFO:colcon.colcon_notification.desktop_notification:Sending desktop notification using 'notify2'
[1.166s] DEBUG:colcon.colcon_core.event_reactor:joined thread
[1.166s] INFO:colcon.colcon_core.shell:Creating prefix script '/home/amitk/amit_ws/install/local_setup.ps1'
[1.167s] INFO:colcon.colcon_core.shell:Creating prefix util module '/home/amitk/amit_ws/install/_local_setup_util_ps1.py'
[1.168s] INFO:colcon.colcon_core.shell:Creating prefix chain script '/home/amitk/amit_ws/install/setup.ps1'
[1.168s] INFO:colcon.colcon_core.shell:Creating prefix script '/home/amitk/amit_ws/install/local_setup.sh'
[1.169s] INFO:colcon.colcon_core.shell:Creating prefix util module '/home/amitk/amit_ws/install/_local_setup_util_sh.py'
[1.169s] INFO:colcon.colcon_core.shell:Creating prefix chain script '/home/amitk/amit_ws/install/setup.sh'
[1.170s] INFO:colcon.colcon_core.shell:Creating prefix script '/home/amitk/amit_ws/install/local_setup.bash'
[1.170s] INFO:colcon.colcon_core.shell:Creating prefix chain script '/home/amitk/amit_ws/install/setup.bash'
[1.171s] INFO:colcon.colcon_core.shell:Creating prefix script '/home/amitk/amit_ws/install/local_setup.zsh'
[1.171s] INFO:colcon.colcon_core.shell:Creating prefix chain script '/home/amitk/amit_ws/install/setup.zsh'
