[0.009s] Invoking command in '/home/amit/amit_ws/build/bot_control': CMAKE_PREFIX_PATH=/opt/ros/humble /usr/bin/cmake /home/amit/amit_ws/src/bot_control -DCMAKE_INSTALL_PREFIX=/home/amit/amit_ws/install/bot_control
[0.055s] -- The C compiler identification is GNU 11.4.0
[0.091s] -- The CXX compiler identification is GNU 11.4.0
[0.095s] -- Detecting C compiler ABI info
[0.140s] -- Detecting C compiler ABI info - done
[0.145s] -- Check for working C compiler: /usr/bin/cc - skipped
[0.145s] -- Detecting C compile features
[0.146s] -- Detecting C compile features - done
[0.148s] -- Detecting CXX compiler ABI info
[0.201s] -- Detecting CXX compiler ABI info - done
[0.209s] -- Check for working CXX compiler: /usr/bin/c++ - skipped
[0.209s] -- Detecting CXX compile features
[0.209s] -- Detecting CXX compile features - done
[0.211s] -- Found ament_cmake: 1.3.10 (/opt/ros/humble/share/ament_cmake/cmake)
[0.309s] -- Found Python3: /usr/bin/python3 (found version "3.10.12") found components: Interpreter 
[0.406s] -- Configuring done
[0.408s] -- Generating done
[0.408s] -- Build files have been written to: /home/amit/amit_ws/build/bot_control
[0.411s] Invoked command in '/home/amit/amit_ws/build/bot_control' returned '0': CMAKE_PREFIX_PATH=/opt/ros/humble /usr/bin/cmake /home/amit/amit_ws/src/bot_control -DCMAKE_INSTALL_PREFIX=/home/amit/amit_ws/install/bot_control
[0.412s] Invoking command in '/home/amit/amit_ws/build/bot_control': CMAKE_PREFIX_PATH=/opt/ros/humble /usr/bin/cmake --build /home/amit/amit_ws/build/bot_control -- -j12 -l12
[0.436s] Invoked command in '/home/amit/amit_ws/build/bot_control' returned '0': CMAKE_PREFIX_PATH=/opt/ros/humble /usr/bin/cmake --build /home/amit/amit_ws/build/bot_control -- -j12 -l12
[0.454s] Invoking command in '/home/amit/amit_ws/build/bot_control': CMAKE_PREFIX_PATH=/opt/ros/humble /usr/bin/cmake --install /home/amit/amit_ws/build/bot_control
[0.458s] -- Install configuration: ""
[0.458s] -- Installing: /home/amit/amit_ws/install/bot_control/share/bot_control/launch
[0.459s] -- Installing: /home/amit/amit_ws/install/bot_control/share/bot_control/launch/filter_scan_data.py
[0.459s] -- Installing: /home/amit/amit_ws/install/bot_control/share/bot_control/launch/filtered_rviz.launch.py
[0.459s] -- Installing: /home/amit/amit_ws/install/bot_control/share/bot_control/scripts
[0.459s] -- Installing: /home/amit/amit_ws/install/bot_control/share/bot_control/scripts/reading_laser.py
[0.459s] -- Installing: /home/amit/amit_ws/install/bot_control/share/bot_control/config
[0.459s] -- Installing: /home/amit/amit_ws/install/bot_control/share/bot_control/config/new_urdf_config.rviz
[0.459s] -- Installing: /home/amit/amit_ws/install/bot_control/share/ament_index/resource_index/package_run_dependencies/bot_control
[0.459s] -- Installing: /home/amit/amit_ws/install/bot_control/share/ament_index/resource_index/parent_prefix_path/bot_control
[0.459s] -- Installing: /home/amit/amit_ws/install/bot_control/share/bot_control/environment/ament_prefix_path.sh
[0.459s] -- Installing: /home/amit/amit_ws/install/bot_control/share/bot_control/environment/ament_prefix_path.dsv
[0.459s] -- Installing: /home/amit/amit_ws/install/bot_control/share/bot_control/environment/path.sh
[0.459s] -- Installing: /home/amit/amit_ws/install/bot_control/share/bot_control/environment/path.dsv
[0.459s] -- Installing: /home/amit/amit_ws/install/bot_control/share/bot_control/local_setup.bash
[0.459s] -- Installing: /home/amit/amit_ws/install/bot_control/share/bot_control/local_setup.sh
[0.459s] -- Installing: /home/amit/amit_ws/install/bot_control/share/bot_control/local_setup.zsh
[0.459s] -- Installing: /home/amit/amit_ws/install/bot_control/share/bot_control/local_setup.dsv
[0.459s] -- Installing: /home/amit/amit_ws/install/bot_control/share/bot_control/package.dsv
[0.459s] -- Installing: /home/amit/amit_ws/install/bot_control/share/ament_index/resource_index/packages/bot_control
[0.460s] -- Installing: /home/amit/amit_ws/install/bot_control/share/bot_control/cmake/bot_controlConfig.cmake
[0.460s] -- Installing: /home/amit/amit_ws/install/bot_control/share/bot_control/cmake/bot_controlConfig-version.cmake
[0.460s] -- Installing: /home/amit/amit_ws/install/bot_control/share/bot_control/package.xml
[0.468s] Invoked command in '/home/amit/amit_ws/build/bot_control' returned '0': CMAKE_PREFIX_PATH=/opt/ros/humble /usr/bin/cmake --install /home/amit/amit_ws/build/bot_control
