[0.144s] DEBUG:colcon:Command line arguments: ['/usr/bin/colcon', 'build']
[0.144s] DEBUG:colcon:Parsed command line arguments: Namespace(log_base=None, log_level=None, verb_name='build', build_base='build', install_base='install', merge_install=False, symlink_install=False, test_result_base=None, continue_on_error=False, executor='parallel', parallel_workers=12, event_handlers=None, ignore_user_meta=False, metas=['./colcon.meta'], base_paths=['.'], packages_ignore=None, packages_ignore_regex=None, paths=None, packages_up_to=None, packages_up_to_regex=None, packages_above=None, packages_above_and_dependencies=None, packages_above_depth=None, packages_select_by_dep=None, packages_skip_by_dep=None, packages_skip_up_to=None, packages_select_build_failed=False, packages_skip_build_finished=False, packages_select_test_failures=False, packages_skip_test_passed=False, packages_select=None, packages_skip=None, packages_select_regex=None, packages_skip_regex=None, packages_start=None, packages_end=None, allow_overriding=[], cmake_args=None, cmake_target=None, cmake_target_skip_unavailable=False, cmake_clean_cache=False, cmake_clean_first=False, cmake_force_configure=False, ament_cmake_args=None, catkin_cmake_args=None, catkin_skip_building_tests=False, verb_parser=<colcon_defaults.argument_parser.defaults.DefaultArgumentsDecorator object at 0x747616c00dc0>, verb_extension=<colcon_core.verb.build.BuildVerb object at 0x747616d651b0>, main=<bound method BuildVerb.main of <colcon_core.verb.build.BuildVerb object at 0x747616d651b0>>)
[0.337s] Level 1:colcon.colcon_core.package_discovery:discover_packages(colcon_meta) check parameters
[0.337s] Level 1:colcon.colcon_core.package_discovery:discover_packages(recursive) check parameters
[0.337s] Level 1:colcon.colcon_core.package_discovery:discover_packages(ignore) check parameters
[0.337s] Level 1:colcon.colcon_core.package_discovery:discover_packages(path) check parameters
[0.337s] Level 1:colcon.colcon_core.package_discovery:discover_packages(colcon_meta) discover
[0.338s] Level 1:colcon.colcon_core.package_discovery:discover_packages(recursive) discover
[0.338s] INFO:colcon.colcon_core.package_discovery:Crawling recursively for packages in '/home/amit/amit_ws'
[0.338s] Level 1:colcon.colcon_core.package_identification:_identify(.) by extensions ['ignore', 'ignore_ament_install']
[0.338s] Level 1:colcon.colcon_core.package_identification:_identify(.) by extension 'ignore'
[0.338s] Level 1:colcon.colcon_core.package_identification:_identify(.) by extension 'ignore_ament_install'
[0.338s] Level 1:colcon.colcon_core.package_identification:_identify(.) by extensions ['colcon_pkg']
[0.338s] Level 1:colcon.colcon_core.package_identification:_identify(.) by extension 'colcon_pkg'
[0.338s] Level 1:colcon.colcon_core.package_identification:_identify(.) by extensions ['colcon_meta']
[0.338s] Level 1:colcon.colcon_core.package_identification:_identify(.) by extension 'colcon_meta'
[0.338s] Level 1:colcon.colcon_core.package_identification:_identify(.) by extensions ['ros']
[0.338s] Level 1:colcon.colcon_core.package_identification:_identify(.) by extension 'ros'
[0.352s] Level 1:colcon.colcon_core.package_identification:_identify(.) by extensions ['cmake', 'python']
[0.352s] Level 1:colcon.colcon_core.package_identification:_identify(.) by extension 'cmake'
[0.352s] Level 1:colcon.colcon_core.package_identification:_identify(.) by extension 'python'
[0.352s] Level 1:colcon.colcon_core.package_identification:_identify(.) by extensions ['python_setup_py']
[0.352s] Level 1:colcon.colcon_core.package_identification:_identify(.) by extension 'python_setup_py'
[0.352s] Level 1:colcon.colcon_core.package_identification:_identify(build) by extensions ['ignore', 'ignore_ament_install']
[0.352s] Level 1:colcon.colcon_core.package_identification:_identify(build) by extension 'ignore'
[0.352s] Level 1:colcon.colcon_core.package_identification:_identify(build) ignored
[0.352s] Level 1:colcon.colcon_core.package_identification:_identify(install) by extensions ['ignore', 'ignore_ament_install']
[0.352s] Level 1:colcon.colcon_core.package_identification:_identify(install) by extension 'ignore'
[0.352s] Level 1:colcon.colcon_core.package_identification:_identify(install) ignored
[0.353s] Level 1:colcon.colcon_core.package_identification:_identify(log) by extensions ['ignore', 'ignore_ament_install']
[0.353s] Level 1:colcon.colcon_core.package_identification:_identify(log) by extension 'ignore'
[0.353s] Level 1:colcon.colcon_core.package_identification:_identify(log) ignored
[0.353s] Level 1:colcon.colcon_core.package_identification:_identify(src) by extensions ['ignore', 'ignore_ament_install']
[0.353s] Level 1:colcon.colcon_core.package_identification:_identify(src) by extension 'ignore'
[0.353s] Level 1:colcon.colcon_core.package_identification:_identify(src) by extension 'ignore_ament_install'
[0.353s] Level 1:colcon.colcon_core.package_identification:_identify(src) by extensions ['colcon_pkg']
[0.353s] Level 1:colcon.colcon_core.package_identification:_identify(src) by extension 'colcon_pkg'
[0.353s] Level 1:colcon.colcon_core.package_identification:_identify(src) by extensions ['colcon_meta']
[0.353s] Level 1:colcon.colcon_core.package_identification:_identify(src) by extension 'colcon_meta'
[0.353s] Level 1:colcon.colcon_core.package_identification:_identify(src) by extensions ['ros']
[0.353s] Level 1:colcon.colcon_core.package_identification:_identify(src) by extension 'ros'
[0.353s] Level 1:colcon.colcon_core.package_identification:_identify(src) by extensions ['cmake', 'python']
[0.353s] Level 1:colcon.colcon_core.package_identification:_identify(src) by extension 'cmake'
[0.353s] Level 1:colcon.colcon_core.package_identification:_identify(src) by extension 'python'
[0.353s] Level 1:colcon.colcon_core.package_identification:_identify(src) by extensions ['python_setup_py']
[0.353s] Level 1:colcon.colcon_core.package_identification:_identify(src) by extension 'python_setup_py'
[0.354s] Level 1:colcon.colcon_core.package_identification:_identify(src/bot_control) by extensions ['ignore', 'ignore_ament_install']
[0.354s] Level 1:colcon.colcon_core.package_identification:_identify(src/bot_control) by extension 'ignore'
[0.354s] Level 1:colcon.colcon_core.package_identification:_identify(src/bot_control) by extension 'ignore_ament_install'
[0.354s] Level 1:colcon.colcon_core.package_identification:_identify(src/bot_control) by extensions ['colcon_pkg']
[0.354s] Level 1:colcon.colcon_core.package_identification:_identify(src/bot_control) by extension 'colcon_pkg'
[0.354s] Level 1:colcon.colcon_core.package_identification:_identify(src/bot_control) by extensions ['colcon_meta']
[0.354s] Level 1:colcon.colcon_core.package_identification:_identify(src/bot_control) by extension 'colcon_meta'
[0.354s] Level 1:colcon.colcon_core.package_identification:_identify(src/bot_control) by extensions ['ros']
[0.354s] Level 1:colcon.colcon_core.package_identification:_identify(src/bot_control) by extension 'ros'
[0.357s] DEBUG:colcon.colcon_core.package_identification:Package 'src/bot_control' with type 'ros.ament_cmake' and name 'bot_control'
[0.357s] Level 1:colcon.colcon_core.package_identification:_identify(src/bot_description) by extensions ['ignore', 'ignore_ament_install']
[0.357s] Level 1:colcon.colcon_core.package_identification:_identify(src/bot_description) by extension 'ignore'
[0.357s] Level 1:colcon.colcon_core.package_identification:_identify(src/bot_description) by extension 'ignore_ament_install'
[0.357s] Level 1:colcon.colcon_core.package_identification:_identify(src/bot_description) by extensions ['colcon_pkg']
[0.357s] Level 1:colcon.colcon_core.package_identification:_identify(src/bot_description) by extension 'colcon_pkg'
[0.357s] Level 1:colcon.colcon_core.package_identification:_identify(src/bot_description) by extensions ['colcon_meta']
[0.357s] Level 1:colcon.colcon_core.package_identification:_identify(src/bot_description) by extension 'colcon_meta'
[0.358s] Level 1:colcon.colcon_core.package_identification:_identify(src/bot_description) by extensions ['ros']
[0.358s] Level 1:colcon.colcon_core.package_identification:_identify(src/bot_description) by extension 'ros'
[0.358s] DEBUG:colcon.colcon_core.package_identification:Package 'src/bot_description' with type 'ros.ament_cmake' and name 'bot_description'
[0.359s] Level 1:colcon.colcon_core.package_identification:_identify(src/bot_world) by extensions ['ignore', 'ignore_ament_install']
[0.359s] Level 1:colcon.colcon_core.package_identification:_identify(src/bot_world) by extension 'ignore'
[0.359s] Level 1:colcon.colcon_core.package_identification:_identify(src/bot_world) by extension 'ignore_ament_install'
[0.359s] Level 1:colcon.colcon_core.package_identification:_identify(src/bot_world) by extensions ['colcon_pkg']
[0.359s] Level 1:colcon.colcon_core.package_identification:_identify(src/bot_world) by extension 'colcon_pkg'
[0.359s] Level 1:colcon.colcon_core.package_identification:_identify(src/bot_world) by extensions ['colcon_meta']
[0.359s] Level 1:colcon.colcon_core.package_identification:_identify(src/bot_world) by extension 'colcon_meta'
[0.359s] Level 1:colcon.colcon_core.package_identification:_identify(src/bot_world) by extensions ['ros']
[0.359s] Level 1:colcon.colcon_core.package_identification:_identify(src/bot_world) by extension 'ros'
[0.360s] DEBUG:colcon.colcon_core.package_identification:Package 'src/bot_world' with type 'ros.ament_cmake' and name 'bot_world'
[0.360s] Level 1:colcon.colcon_core.package_identification:_identify(src/log) by extensions ['ignore', 'ignore_ament_install']
[0.360s] Level 1:colcon.colcon_core.package_identification:_identify(src/log) by extension 'ignore'
[0.360s] Level 1:colcon.colcon_core.package_identification:_identify(src/log) ignored
[0.360s] Level 1:colcon.colcon_core.package_discovery:discover_packages(recursive) using defaults
[0.360s] Level 1:colcon.colcon_core.package_discovery:discover_packages(ignore) discover
[0.360s] Level 1:colcon.colcon_core.package_discovery:discover_packages(ignore) using defaults
[0.360s] Level 1:colcon.colcon_core.package_discovery:discover_packages(path) discover
[0.360s] Level 1:colcon.colcon_core.package_discovery:discover_packages(path) using defaults
[0.387s] Level 1:colcon.colcon_core.package_discovery:discover_packages(prefix_path) check parameters
[0.388s] Level 1:colcon.colcon_core.package_discovery:discover_packages(prefix_path) discover
[0.403s] DEBUG:colcon.colcon_installed_package_information.package_discovery:Found 3 installed packages in /home/amit/amit_ws/install
[0.405s] DEBUG:colcon.colcon_installed_package_information.package_discovery:Found 391 installed packages in /opt/ros/humble
[0.407s] Level 1:colcon.colcon_core.package_discovery:discover_packages(prefix_path) using defaults
[0.456s] Level 5:colcon.colcon_core.verb:set package 'bot_control' build argument 'cmake_args' from command line to 'None'
[0.456s] Level 5:colcon.colcon_core.verb:set package 'bot_control' build argument 'cmake_target' from command line to 'None'
[0.456s] Level 5:colcon.colcon_core.verb:set package 'bot_control' build argument 'cmake_target_skip_unavailable' from command line to 'False'
[0.456s] Level 5:colcon.colcon_core.verb:set package 'bot_control' build argument 'cmake_clean_cache' from command line to 'False'
[0.456s] Level 5:colcon.colcon_core.verb:set package 'bot_control' build argument 'cmake_clean_first' from command line to 'False'
[0.456s] Level 5:colcon.colcon_core.verb:set package 'bot_control' build argument 'cmake_force_configure' from command line to 'False'
[0.456s] Level 5:colcon.colcon_core.verb:set package 'bot_control' build argument 'ament_cmake_args' from command line to 'None'
[0.456s] Level 5:colcon.colcon_core.verb:set package 'bot_control' build argument 'catkin_cmake_args' from command line to 'None'
[0.456s] Level 5:colcon.colcon_core.verb:set package 'bot_control' build argument 'catkin_skip_building_tests' from command line to 'False'
[0.456s] DEBUG:colcon.colcon_core.verb:Building package 'bot_control' with the following arguments: {'ament_cmake_args': None, 'build_base': '/home/amit/amit_ws/build/bot_control', 'catkin_cmake_args': None, 'catkin_skip_building_tests': False, 'cmake_args': None, 'cmake_clean_cache': False, 'cmake_clean_first': False, 'cmake_force_configure': False, 'cmake_target': None, 'cmake_target_skip_unavailable': False, 'install_base': '/home/amit/amit_ws/install/bot_control', 'merge_install': False, 'path': '/home/amit/amit_ws/src/bot_control', 'symlink_install': False, 'test_result_base': None}
[0.457s] Level 5:colcon.colcon_core.verb:set package 'bot_description' build argument 'cmake_args' from command line to 'None'
[0.457s] Level 5:colcon.colcon_core.verb:set package 'bot_description' build argument 'cmake_target' from command line to 'None'
[0.457s] Level 5:colcon.colcon_core.verb:set package 'bot_description' build argument 'cmake_target_skip_unavailable' from command line to 'False'
[0.457s] Level 5:colcon.colcon_core.verb:set package 'bot_description' build argument 'cmake_clean_cache' from command line to 'False'
[0.457s] Level 5:colcon.colcon_core.verb:set package 'bot_description' build argument 'cmake_clean_first' from command line to 'False'
[0.457s] Level 5:colcon.colcon_core.verb:set package 'bot_description' build argument 'cmake_force_configure' from command line to 'False'
[0.457s] Level 5:colcon.colcon_core.verb:set package 'bot_description' build argument 'ament_cmake_args' from command line to 'None'
[0.457s] Level 5:colcon.colcon_core.verb:set package 'bot_description' build argument 'catkin_cmake_args' from command line to 'None'
[0.457s] Level 5:colcon.colcon_core.verb:set package 'bot_description' build argument 'catkin_skip_building_tests' from command line to 'False'
[0.457s] DEBUG:colcon.colcon_core.verb:Building package 'bot_description' with the following arguments: {'ament_cmake_args': None, 'build_base': '/home/amit/amit_ws/build/bot_description', 'catkin_cmake_args': None, 'catkin_skip_building_tests': False, 'cmake_args': None, 'cmake_clean_cache': False, 'cmake_clean_first': False, 'cmake_force_configure': False, 'cmake_target': None, 'cmake_target_skip_unavailable': False, 'install_base': '/home/amit/amit_ws/install/bot_description', 'merge_install': False, 'path': '/home/amit/amit_ws/src/bot_description', 'symlink_install': False, 'test_result_base': None}
[0.458s] Level 5:colcon.colcon_core.verb:set package 'bot_world' build argument 'cmake_args' from command line to 'None'
[0.458s] Level 5:colcon.colcon_core.verb:set package 'bot_world' build argument 'cmake_target' from command line to 'None'
[0.458s] Level 5:colcon.colcon_core.verb:set package 'bot_world' build argument 'cmake_target_skip_unavailable' from command line to 'False'
[0.458s] Level 5:colcon.colcon_core.verb:set package 'bot_world' build argument 'cmake_clean_cache' from command line to 'False'
[0.458s] Level 5:colcon.colcon_core.verb:set package 'bot_world' build argument 'cmake_clean_first' from command line to 'False'
[0.458s] Level 5:colcon.colcon_core.verb:set package 'bot_world' build argument 'cmake_force_configure' from command line to 'False'
[0.458s] Level 5:colcon.colcon_core.verb:set package 'bot_world' build argument 'ament_cmake_args' from command line to 'None'
[0.458s] Level 5:colcon.colcon_core.verb:set package 'bot_world' build argument 'catkin_cmake_args' from command line to 'None'
[0.458s] Level 5:colcon.colcon_core.verb:set package 'bot_world' build argument 'catkin_skip_building_tests' from command line to 'False'
[0.458s] DEBUG:colcon.colcon_core.verb:Building package 'bot_world' with the following arguments: {'ament_cmake_args': None, 'build_base': '/home/amit/amit_ws/build/bot_world', 'catkin_cmake_args': None, 'catkin_skip_building_tests': False, 'cmake_args': None, 'cmake_clean_cache': False, 'cmake_clean_first': False, 'cmake_force_configure': False, 'cmake_target': None, 'cmake_target_skip_unavailable': False, 'install_base': '/home/amit/amit_ws/install/bot_world', 'merge_install': False, 'path': '/home/amit/amit_ws/src/bot_world', 'symlink_install': False, 'test_result_base': None}
[0.458s] INFO:colcon.colcon_core.executor:Executing jobs using 'parallel' executor
[0.459s] DEBUG:colcon.colcon_parallel_executor.executor.parallel:run_until_complete
[0.460s] INFO:colcon.colcon_ros.task.ament_cmake.build:Building ROS package in '/home/amit/amit_ws/src/bot_control' with build type 'ament_cmake'
[0.460s] INFO:colcon.colcon_cmake.task.cmake.build:Building CMake package in '/home/amit/amit_ws/src/bot_control'
[0.462s] INFO:colcon.colcon_core.plugin_system:Skipping extension 'colcon_core.shell.bat': Not used on non-Windows systems
[0.463s] INFO:colcon.colcon_core.shell:Skip shell extension 'powershell' for command environment: Not usable outside of PowerShell
[0.463s] DEBUG:colcon.colcon_core.shell:Skip shell extension 'dsv' for command environment
[0.470s] INFO:colcon.colcon_ros.task.ament_cmake.build:Building ROS package in '/home/amit/amit_ws/src/bot_description' with build type 'ament_cmake'
[0.470s] INFO:colcon.colcon_cmake.task.cmake.build:Building CMake package in '/home/amit/amit_ws/src/bot_description'
[0.470s] INFO:colcon.colcon_core.shell:Skip shell extension 'powershell' for command environment: Not usable outside of PowerShell
[0.470s] DEBUG:colcon.colcon_core.shell:Skip shell extension 'dsv' for command environment
[0.478s] INFO:colcon.colcon_ros.task.ament_cmake.build:Building ROS package in '/home/amit/amit_ws/src/bot_world' with build type 'ament_cmake'
[0.478s] INFO:colcon.colcon_cmake.task.cmake.build:Building CMake package in '/home/amit/amit_ws/src/bot_world'
[0.478s] INFO:colcon.colcon_core.shell:Skip shell extension 'powershell' for command environment: Not usable outside of PowerShell
[0.478s] DEBUG:colcon.colcon_core.shell:Skip shell extension 'dsv' for command environment
[0.488s] DEBUG:colcon.colcon_core.event_handler.log_command:Invoking command in '/home/amit/amit_ws/build/bot_control': CMAKE_PREFIX_PATH=${CMAKE_PREFIX_PATH}:/opt/ros/humble /usr/bin/cmake --build /home/amit/amit_ws/build/bot_control -- -j12 -l12
[0.493s] DEBUG:colcon.colcon_core.event_handler.log_command:Invoking command in '/home/amit/amit_ws/build/bot_description': CMAKE_PREFIX_PATH=${CMAKE_PREFIX_PATH}:/opt/ros/humble /usr/bin/cmake --build /home/amit/amit_ws/build/bot_description -- -j12 -l12
[0.498s] DEBUG:colcon.colcon_core.event_handler.log_command:Invoking command in '/home/amit/amit_ws/build/bot_world': CMAKE_PREFIX_PATH=${CMAKE_PREFIX_PATH}:/opt/ros/humble /usr/bin/cmake --build /home/amit/amit_ws/build/bot_world -- -j12 -l12
[0.535s] DEBUG:colcon.colcon_core.event_handler.log_command:Invoked command in '/home/amit/amit_ws/build/bot_control' returned '0': CMAKE_PREFIX_PATH=${CMAKE_PREFIX_PATH}:/opt/ros/humble /usr/bin/cmake --build /home/amit/amit_ws/build/bot_control -- -j12 -l12
[0.558s] DEBUG:colcon.colcon_core.event_handler.log_command:Invoked command in '/home/amit/amit_ws/build/bot_description' returned '0': CMAKE_PREFIX_PATH=${CMAKE_PREFIX_PATH}:/opt/ros/humble /usr/bin/cmake --build /home/amit/amit_ws/build/bot_description -- -j12 -l12
[0.562s] DEBUG:colcon.colcon_core.event_handler.log_command:Invoked command in '/home/amit/amit_ws/build/bot_world' returned '0': CMAKE_PREFIX_PATH=${CMAKE_PREFIX_PATH}:/opt/ros/humble /usr/bin/cmake --build /home/amit/amit_ws/build/bot_world -- -j12 -l12
[0.577s] DEBUG:colcon.colcon_core.event_handler.log_command:Invoking command in '/home/amit/amit_ws/build/bot_control': CMAKE_PREFIX_PATH=${CMAKE_PREFIX_PATH}:/opt/ros/humble /usr/bin/cmake --install /home/amit/amit_ws/build/bot_control
[0.584s] DEBUG:colcon.colcon_core.event_handler.log_command:Invoking command in '/home/amit/amit_ws/build/bot_description': CMAKE_PREFIX_PATH=${CMAKE_PREFIX_PATH}:/opt/ros/humble /usr/bin/cmake --install /home/amit/amit_ws/build/bot_description
[0.591s] DEBUG:colcon.colcon_core.event_handler.log_command:Invoking command in '/home/amit/amit_ws/build/bot_world': CMAKE_PREFIX_PATH=${CMAKE_PREFIX_PATH}:/opt/ros/humble /usr/bin/cmake --install /home/amit/amit_ws/build/bot_world
[0.605s] Level 1:colcon.colcon_core.environment:create_environment_scripts_only(bot_description)
[0.608s] DEBUG:colcon.colcon_core.event_handler.log_command:Invoked command in '/home/amit/amit_ws/build/bot_description' returned '0': CMAKE_PREFIX_PATH=${CMAKE_PREFIX_PATH}:/opt/ros/humble /usr/bin/cmake --install /home/amit/amit_ws/build/bot_description
[0.611s] Level 1:colcon.colcon_core.environment:checking '/home/amit/amit_ws/install/bot_description' for CMake module files
[0.612s] Level 1:colcon.colcon_core.environment:checking '/home/amit/amit_ws/install/bot_description' for CMake config files
[0.612s] Level 1:colcon.colcon_core.shell:create_environment_hook('bot_description', 'cmake_prefix_path')
[0.612s] INFO:colcon.colcon_core.shell:Creating environment hook '/home/amit/amit_ws/install/bot_description/share/bot_description/hook/cmake_prefix_path.ps1'
[0.613s] INFO:colcon.colcon_core.shell:Creating environment descriptor '/home/amit/amit_ws/install/bot_description/share/bot_description/hook/cmake_prefix_path.dsv'
[0.614s] INFO:colcon.colcon_core.shell:Creating environment hook '/home/amit/amit_ws/install/bot_description/share/bot_description/hook/cmake_prefix_path.sh'
[0.614s] Level 1:colcon.colcon_core.environment:checking '/home/amit/amit_ws/install/bot_description/bin'
[0.615s] Level 1:colcon.colcon_core.environment:checking '/home/amit/amit_ws/install/bot_description/lib/pkgconfig/bot_description.pc'
[0.615s] Level 1:colcon.colcon_core.environment:checking '/home/amit/amit_ws/install/bot_description/lib/python3.10/site-packages'
[0.615s] Level 1:colcon.colcon_core.environment:checking '/home/amit/amit_ws/install/bot_description/bin'
[0.615s] INFO:colcon.colcon_core.shell:Creating package script '/home/amit/amit_ws/install/bot_description/share/bot_description/package.ps1'
[0.616s] INFO:colcon.colcon_core.shell:Creating package descriptor '/home/amit/amit_ws/install/bot_description/share/bot_description/package.dsv'
[0.617s] INFO:colcon.colcon_core.shell:Creating package script '/home/amit/amit_ws/install/bot_description/share/bot_description/package.sh'
[0.617s] INFO:colcon.colcon_core.shell:Creating package script '/home/amit/amit_ws/install/bot_description/share/bot_description/package.bash'
[0.618s] INFO:colcon.colcon_core.shell:Creating package script '/home/amit/amit_ws/install/bot_description/share/bot_description/package.zsh'
[0.620s] Level 1:colcon.colcon_core.environment:create_file_with_runtime_dependencies(/home/amit/amit_ws/install/bot_description/share/colcon-core/packages/bot_description)
[0.622s] Level 1:colcon.colcon_core.environment:create_environment_scripts_only(bot_control)
[0.623s] Level 1:colcon.colcon_core.environment:checking '/home/amit/amit_ws/install/bot_control' for CMake module files
[0.624s] Level 1:colcon.colcon_core.environment:checking '/home/amit/amit_ws/install/bot_control' for CMake config files
[0.624s] Level 1:colcon.colcon_core.shell:create_environment_hook('bot_control', 'cmake_prefix_path')
[0.624s] INFO:colcon.colcon_core.shell:Creating environment hook '/home/amit/amit_ws/install/bot_control/share/bot_control/hook/cmake_prefix_path.ps1'
[0.625s] INFO:colcon.colcon_core.shell:Creating environment descriptor '/home/amit/amit_ws/install/bot_control/share/bot_control/hook/cmake_prefix_path.dsv'
[0.626s] DEBUG:colcon.colcon_core.event_handler.log_command:Invoked command in '/home/amit/amit_ws/build/bot_control' returned '0': CMAKE_PREFIX_PATH=${CMAKE_PREFIX_PATH}:/opt/ros/humble /usr/bin/cmake --install /home/amit/amit_ws/build/bot_control
[0.626s] INFO:colcon.colcon_core.shell:Creating environment hook '/home/amit/amit_ws/install/bot_control/share/bot_control/hook/cmake_prefix_path.sh'
[0.627s] Level 1:colcon.colcon_core.environment:checking '/home/amit/amit_ws/install/bot_control/bin'
[0.627s] Level 1:colcon.colcon_core.environment:checking '/home/amit/amit_ws/install/bot_control/lib/pkgconfig/bot_control.pc'
[0.627s] Level 1:colcon.colcon_core.environment:checking '/home/amit/amit_ws/install/bot_control/lib/python3.10/site-packages'
[0.628s] Level 1:colcon.colcon_core.environment:checking '/home/amit/amit_ws/install/bot_control/bin'
[0.628s] INFO:colcon.colcon_core.shell:Creating package script '/home/amit/amit_ws/install/bot_control/share/bot_control/package.ps1'
[0.629s] INFO:colcon.colcon_core.shell:Creating package descriptor '/home/amit/amit_ws/install/bot_control/share/bot_control/package.dsv'
[0.629s] INFO:colcon.colcon_core.shell:Creating package script '/home/amit/amit_ws/install/bot_control/share/bot_control/package.sh'
[0.630s] INFO:colcon.colcon_core.shell:Creating package script '/home/amit/amit_ws/install/bot_control/share/bot_control/package.bash'
[0.630s] INFO:colcon.colcon_core.shell:Creating package script '/home/amit/amit_ws/install/bot_control/share/bot_control/package.zsh'
[0.631s] Level 1:colcon.colcon_core.environment:create_file_with_runtime_dependencies(/home/amit/amit_ws/install/bot_control/share/colcon-core/packages/bot_control)
[0.633s] Level 1:colcon.colcon_core.environment:create_environment_scripts_only(bot_world)
[0.633s] Level 1:colcon.colcon_core.environment:checking '/home/amit/amit_ws/install/bot_world' for CMake module files
[0.634s] Level 1:colcon.colcon_core.environment:checking '/home/amit/amit_ws/install/bot_world' for CMake config files
[0.634s] Level 1:colcon.colcon_core.shell:create_environment_hook('bot_world', 'cmake_prefix_path')
[0.635s] INFO:colcon.colcon_core.shell:Creating environment hook '/home/amit/amit_ws/install/bot_world/share/bot_world/hook/cmake_prefix_path.ps1'
[0.635s] INFO:colcon.colcon_core.shell:Creating environment descriptor '/home/amit/amit_ws/install/bot_world/share/bot_world/hook/cmake_prefix_path.dsv'
[0.636s] INFO:colcon.colcon_core.shell:Creating environment hook '/home/amit/amit_ws/install/bot_world/share/bot_world/hook/cmake_prefix_path.sh'
[0.637s] DEBUG:colcon.colcon_core.event_handler.log_command:Invoked command in '/home/amit/amit_ws/build/bot_world' returned '0': CMAKE_PREFIX_PATH=${CMAKE_PREFIX_PATH}:/opt/ros/humble /usr/bin/cmake --install /home/amit/amit_ws/build/bot_world
[0.637s] Level 1:colcon.colcon_core.environment:checking '/home/amit/amit_ws/install/bot_world/bin'
[0.637s] Level 1:colcon.colcon_core.environment:checking '/home/amit/amit_ws/install/bot_world/lib/pkgconfig/bot_world.pc'
[0.637s] Level 1:colcon.colcon_core.environment:checking '/home/amit/amit_ws/install/bot_world/lib/python3.10/site-packages'
[0.638s] Level 1:colcon.colcon_core.environment:checking '/home/amit/amit_ws/install/bot_world/bin'
[0.638s] INFO:colcon.colcon_core.shell:Creating package script '/home/amit/amit_ws/install/bot_world/share/bot_world/package.ps1'
[0.639s] INFO:colcon.colcon_core.shell:Creating package descriptor '/home/amit/amit_ws/install/bot_world/share/bot_world/package.dsv'
[0.639s] INFO:colcon.colcon_core.shell:Creating package script '/home/amit/amit_ws/install/bot_world/share/bot_world/package.sh'
[0.640s] INFO:colcon.colcon_core.shell:Creating package script '/home/amit/amit_ws/install/bot_world/share/bot_world/package.bash'
[0.640s] INFO:colcon.colcon_core.shell:Creating package script '/home/amit/amit_ws/install/bot_world/share/bot_world/package.zsh'
[0.641s] Level 1:colcon.colcon_core.environment:create_file_with_runtime_dependencies(/home/amit/amit_ws/install/bot_world/share/colcon-core/packages/bot_world)
[0.655s] Level 1:colcon.colcon_core.environment:create_environment_scripts_only(bot_description)
[0.656s] Level 1:colcon.colcon_core.environment:checking '/home/amit/amit_ws/install/bot_description' for CMake module files
[0.657s] Level 1:colcon.colcon_core.environment:checking '/home/amit/amit_ws/install/bot_description' for CMake config files
[0.657s] Level 1:colcon.colcon_core.shell:create_environment_hook('bot_description', 'cmake_prefix_path')
[0.657s] INFO:colcon.colcon_core.shell:Creating environment hook '/home/amit/amit_ws/install/bot_description/share/bot_description/hook/cmake_prefix_path.ps1'
[0.658s] INFO:colcon.colcon_core.shell:Creating environment descriptor '/home/amit/amit_ws/install/bot_description/share/bot_description/hook/cmake_prefix_path.dsv'
[0.658s] INFO:colcon.colcon_core.shell:Creating environment hook '/home/amit/amit_ws/install/bot_description/share/bot_description/hook/cmake_prefix_path.sh'
[0.659s] Level 1:colcon.colcon_core.environment:checking '/home/amit/amit_ws/install/bot_description/bin'
[0.659s] Level 1:colcon.colcon_core.environment:checking '/home/amit/amit_ws/install/bot_description/lib/pkgconfig/bot_description.pc'
[0.659s] Level 1:colcon.colcon_core.environment:checking '/home/amit/amit_ws/install/bot_description/lib/python3.10/site-packages'
[0.659s] Level 1:colcon.colcon_core.environment:checking '/home/amit/amit_ws/install/bot_description/bin'
[0.660s] INFO:colcon.colcon_core.shell:Creating package script '/home/amit/amit_ws/install/bot_description/share/bot_description/package.ps1'
[0.662s] INFO:colcon.colcon_core.shell:Creating package descriptor '/home/amit/amit_ws/install/bot_description/share/bot_description/package.dsv'
[0.663s] INFO:colcon.colcon_core.shell:Creating package script '/home/amit/amit_ws/install/bot_description/share/bot_description/package.sh'
[0.664s] INFO:colcon.colcon_core.shell:Creating package script '/home/amit/amit_ws/install/bot_description/share/bot_description/package.bash'
[0.664s] INFO:colcon.colcon_core.shell:Creating package script '/home/amit/amit_ws/install/bot_description/share/bot_description/package.zsh'
[0.665s] Level 1:colcon.colcon_core.environment:create_file_with_runtime_dependencies(/home/amit/amit_ws/install/bot_description/share/colcon-core/packages/bot_description)
[0.667s] Level 1:colcon.colcon_core.environment:create_environment_scripts_only(bot_control)
[0.668s] Level 1:colcon.colcon_core.environment:checking '/home/amit/amit_ws/install/bot_control' for CMake module files
[0.668s] Level 1:colcon.colcon_core.environment:checking '/home/amit/amit_ws/install/bot_control' for CMake config files
[0.669s] Level 1:colcon.colcon_core.shell:create_environment_hook('bot_control', 'cmake_prefix_path')
[0.670s] INFO:colcon.colcon_core.shell:Creating environment hook '/home/amit/amit_ws/install/bot_control/share/bot_control/hook/cmake_prefix_path.ps1'
[0.671s] INFO:colcon.colcon_core.shell:Creating environment descriptor '/home/amit/amit_ws/install/bot_control/share/bot_control/hook/cmake_prefix_path.dsv'
[0.671s] INFO:colcon.colcon_core.shell:Creating environment hook '/home/amit/amit_ws/install/bot_control/share/bot_control/hook/cmake_prefix_path.sh'
[0.672s] Level 1:colcon.colcon_core.environment:checking '/home/amit/amit_ws/install/bot_control/bin'
[0.672s] Level 1:colcon.colcon_core.environment:checking '/home/amit/amit_ws/install/bot_control/lib/pkgconfig/bot_control.pc'
[0.673s] Level 1:colcon.colcon_core.environment:checking '/home/amit/amit_ws/install/bot_control/lib/python3.10/site-packages'
[0.673s] Level 1:colcon.colcon_core.environment:checking '/home/amit/amit_ws/install/bot_control/bin'
[0.674s] INFO:colcon.colcon_core.shell:Creating package script '/home/amit/amit_ws/install/bot_control/share/bot_control/package.ps1'
[0.675s] INFO:colcon.colcon_core.shell:Creating package descriptor '/home/amit/amit_ws/install/bot_control/share/bot_control/package.dsv'
[0.675s] INFO:colcon.colcon_core.shell:Creating package script '/home/amit/amit_ws/install/bot_control/share/bot_control/package.sh'
[0.676s] INFO:colcon.colcon_core.shell:Creating package script '/home/amit/amit_ws/install/bot_control/share/bot_control/package.bash'
[0.677s] INFO:colcon.colcon_core.shell:Creating package script '/home/amit/amit_ws/install/bot_control/share/bot_control/package.zsh'
[0.677s] Level 1:colcon.colcon_core.environment:create_file_with_runtime_dependencies(/home/amit/amit_ws/install/bot_control/share/colcon-core/packages/bot_control)
[0.678s] Level 1:colcon.colcon_core.environment:create_environment_scripts_only(bot_world)
[0.678s] Level 1:colcon.colcon_core.environment:checking '/home/amit/amit_ws/install/bot_world' for CMake module files
[0.679s] Level 1:colcon.colcon_core.environment:checking '/home/amit/amit_ws/install/bot_world' for CMake config files
[0.679s] Level 1:colcon.colcon_core.shell:create_environment_hook('bot_world', 'cmake_prefix_path')
[0.680s] INFO:colcon.colcon_core.shell:Creating environment hook '/home/amit/amit_ws/install/bot_world/share/bot_world/hook/cmake_prefix_path.ps1'
[0.680s] INFO:colcon.colcon_core.shell:Creating environment descriptor '/home/amit/amit_ws/install/bot_world/share/bot_world/hook/cmake_prefix_path.dsv'
[0.682s] INFO:colcon.colcon_core.shell:Creating environment hook '/home/amit/amit_ws/install/bot_world/share/bot_world/hook/cmake_prefix_path.sh'
[0.683s] Level 1:colcon.colcon_core.environment:checking '/home/amit/amit_ws/install/bot_world/bin'
[0.683s] Level 1:colcon.colcon_core.environment:checking '/home/amit/amit_ws/install/bot_world/lib/pkgconfig/bot_world.pc'
[0.683s] Level 1:colcon.colcon_core.environment:checking '/home/amit/amit_ws/install/bot_world/lib/python3.10/site-packages'
[0.684s] Level 1:colcon.colcon_core.environment:checking '/home/amit/amit_ws/install/bot_world/bin'
[0.684s] INFO:colcon.colcon_core.shell:Creating package script '/home/amit/amit_ws/install/bot_world/share/bot_world/package.ps1'
[0.685s] INFO:colcon.colcon_core.shell:Creating package descriptor '/home/amit/amit_ws/install/bot_world/share/bot_world/package.dsv'
[0.686s] INFO:colcon.colcon_core.shell:Creating package script '/home/amit/amit_ws/install/bot_world/share/bot_world/package.sh'
[0.686s] INFO:colcon.colcon_core.shell:Creating package script '/home/amit/amit_ws/install/bot_world/share/bot_world/package.bash'
[0.687s] INFO:colcon.colcon_core.shell:Creating package script '/home/amit/amit_ws/install/bot_world/share/bot_world/package.zsh'
[0.688s] Level 1:colcon.colcon_core.environment:create_file_with_runtime_dependencies(/home/amit/amit_ws/install/bot_world/share/colcon-core/packages/bot_world)
[0.688s] DEBUG:colcon.colcon_parallel_executor.executor.parallel:closing loop
[0.688s] DEBUG:colcon.colcon_parallel_executor.executor.parallel:loop closed
[0.689s] DEBUG:colcon.colcon_parallel_executor.executor.parallel:run_until_complete finished with '0'
[0.689s] DEBUG:colcon.colcon_core.event_reactor:joining thread
[0.696s] INFO:colcon.colcon_core.plugin_system:Skipping extension 'colcon_notification.desktop_notification.terminal_notifier': Not used on non-Darwin systems
[0.696s] INFO:colcon.colcon_core.plugin_system:Skipping extension 'colcon_notification.desktop_notification.win32': Not used on non-Windows systems
[0.697s] INFO:colcon.colcon_notification.desktop_notification:Sending desktop notification using 'notify2'
[0.720s] DEBUG:colcon.colcon_core.event_reactor:joined thread
[0.721s] INFO:colcon.colcon_core.shell:Creating prefix script '/home/amit/amit_ws/install/local_setup.ps1'
[0.722s] INFO:colcon.colcon_core.shell:Creating prefix util module '/home/amit/amit_ws/install/_local_setup_util_ps1.py'
[0.725s] INFO:colcon.colcon_core.shell:Creating prefix chain script '/home/amit/amit_ws/install/setup.ps1'
[0.726s] INFO:colcon.colcon_core.shell:Creating prefix script '/home/amit/amit_ws/install/local_setup.sh'
[0.727s] INFO:colcon.colcon_core.shell:Creating prefix util module '/home/amit/amit_ws/install/_local_setup_util_sh.py'
[0.728s] INFO:colcon.colcon_core.shell:Creating prefix chain script '/home/amit/amit_ws/install/setup.sh'
[0.730s] INFO:colcon.colcon_core.shell:Creating prefix script '/home/amit/amit_ws/install/local_setup.bash'
[0.731s] INFO:colcon.colcon_core.shell:Creating prefix chain script '/home/amit/amit_ws/install/setup.bash'
[0.733s] INFO:colcon.colcon_core.shell:Creating prefix script '/home/amit/amit_ws/install/local_setup.zsh'
[0.733s] INFO:colcon.colcon_core.shell:Creating prefix chain script '/home/amit/amit_ws/install/setup.zsh'
