[0.397s] Invoking command in '/home/amitk/amit_ws/build/odom_computation': PYTHONPATH=/home/amitk/amit_ws/build/odom_computation/prefix_override:/usr/lib/python3/dist-packages/colcon_core/task/python/colcon_distutils_commands:/home/amitk/amit_ws/install/odom_computation/lib/python3.10/site-packages:${PYTHONPATH} /usr/bin/python3 -W ignore:setup.py install is deprecated -W ignore:easy_install command is deprecated setup.py develop --editable --build-directory /home/amitk/amit_ws/build/odom_computation/build --no-deps symlink_data
[0.543s] running develop
[0.624s] running egg_info
[0.624s] creating odom_computation.egg-info
[0.624s] writing odom_computation.egg-info/PKG-INFO
[0.625s] writing dependency_links to odom_computation.egg-info/dependency_links.txt
[0.625s] writing entry points to odom_computation.egg-info/entry_points.txt
[0.625s] writing requirements to odom_computation.egg-info/requires.txt
[0.625s] writing top-level names to odom_computation.egg-info/top_level.txt
[0.625s] writing manifest file 'odom_computation.egg-info/SOURCES.txt'
[0.626s] reading manifest file 'odom_computation.egg-info/SOURCES.txt'
[0.626s] writing manifest file 'odom_computation.egg-info/SOURCES.txt'
[0.627s] running build_ext
[0.627s] Creating /home/amitk/amit_ws/install/odom_computation/lib/python3.10/site-packages/odom-computation.egg-link (link to .)
[0.628s] Installing imu_publisher script to /home/amitk/amit_ws/install/odom_computation/lib/odom_computation
[0.628s] Installing odom_node script to /home/amitk/amit_ws/install/odom_computation/lib/odom_computation
[0.628s] Installing wheel_tick_publisher script to /home/amitk/amit_ws/install/odom_computation/lib/odom_computation
[0.628s] 
[0.628s] Installed /home/amitk/amit_ws/build/odom_computation
[0.628s] running symlink_data
[0.628s] creating /home/amitk/amit_ws/install/odom_computation/share/ament_index
[0.628s] creating /home/amitk/amit_ws/install/odom_computation/share/ament_index/resource_index
[0.628s] creating /home/amitk/amit_ws/install/odom_computation/share/ament_index/resource_index/packages
[0.628s] symbolically linking /home/amitk/amit_ws/build/odom_computation/resource/odom_computation -> /home/amitk/amit_ws/install/odom_computation/share/ament_index/resource_index/packages
[0.628s] symbolically linking /home/amitk/amit_ws/build/odom_computation/package.xml -> /home/amitk/amit_ws/install/odom_computation/share/odom_computation
[0.647s] Invoked command in '/home/amitk/amit_ws/build/odom_computation' returned '0': PYTHONPATH=/home/amitk/amit_ws/build/odom_computation/prefix_override:/usr/lib/python3/dist-packages/colcon_core/task/python/colcon_distutils_commands:/home/amitk/amit_ws/install/odom_computation/lib/python3.10/site-packages:${PYTHONPATH} /usr/bin/python3 -W ignore:setup.py install is deprecated -W ignore:easy_install command is deprecated setup.py develop --editable --build-directory /home/amitk/amit_ws/build/odom_computation/build --no-deps symlink_data
