[0.010s] Invoking command in '/home/amitk/amit_ws/build/autobot': CMAKE_PREFIX_PATH=/opt/ros/humble /usr/bin/cmake /home/amitk/amit_ws/src/autobot -DAMENT_CMAKE_SYMLINK_INSTALL=1 -DCMAKE_INSTALL_PREFIX=/home/amitk/amit_ws/install/autobot
[0.098s] -- The C compiler identification is GNU 11.4.0
[0.167s] -- The CXX compiler identification is GNU 11.4.0
[0.174s] -- Detecting C compiler ABI info
[0.223s] -- Detecting C compiler ABI info - done
[0.227s] -- Check for working C compiler: /usr/bin/cc - skipped
[0.227s] -- Detecting C compile features
[0.228s] -- Detecting C compile features - done
[0.230s] -- Detecting CXX compiler ABI info
[0.287s] -- Detecting CXX compiler ABI info - done
[0.293s] -- Check for working CXX compiler: /usr/bin/c++ - skipped
[0.293s] -- Detecting CXX compile features
[0.293s] -- Detecting CXX compile features - done
[0.296s] -- Found ament_cmake: 1.3.11 (/opt/ros/humble/share/ament_cmake/cmake)
[0.396s] -- Found Python3: /usr/bin/python3 (found version "3.10.12") found components: Interpreter 
[0.440s] -- Override CMake install command with custom implementation using symlinks instead of copying resources
[0.460s] -- Found ament_lint_auto: 0.12.12 (/opt/ros/humble/share/ament_lint_auto/cmake)
[0.513s] -- Added test 'copyright' to check source files copyright and LICENSE
[0.515s] -- Added test 'flake8' to check Python code syntax and style conventions
[0.515s] -- Added test 'lint_cmake' to check CMake code style
[0.516s] -- Added test 'pep257' to check Python code against some of the docstring style conventions in PEP 257
[0.517s] -- Added test 'xmllint' to check XML markup files
[0.517s] -- Configuring done
[0.519s] -- Generating done
[0.519s] -- Build files have been written to: /home/amitk/amit_ws/build/autobot
[0.523s] Invoked command in '/home/amitk/amit_ws/build/autobot' returned '0': CMAKE_PREFIX_PATH=/opt/ros/humble /usr/bin/cmake /home/amitk/amit_ws/src/autobot -DAMENT_CMAKE_SYMLINK_INSTALL=1 -DCMAKE_INSTALL_PREFIX=/home/amitk/amit_ws/install/autobot
[0.525s] Invoking command in '/home/amitk/amit_ws/build/autobot': CMAKE_PREFIX_PATH=/opt/ros/humble /usr/bin/cmake --build /home/amitk/amit_ws/build/autobot -- -j12 -l12
[0.552s] Invoked command in '/home/amitk/amit_ws/build/autobot' returned '0': CMAKE_PREFIX_PATH=/opt/ros/humble /usr/bin/cmake --build /home/amitk/amit_ws/build/autobot -- -j12 -l12
[0.557s] Invoking command in '/home/amitk/amit_ws/build/autobot': CMAKE_PREFIX_PATH=/opt/ros/humble /usr/bin/cmake --install /home/amitk/amit_ws/build/autobot
[0.562s] -- Install configuration: ""
[0.562s] -- Execute custom install script
[0.562s] -- Symlinking: /home/amitk/amit_ws/install/autobot/share/autobot/config/gazebo_params.yaml
[0.568s] -- Symlinking: /home/amitk/amit_ws/install/autobot/share/autobot/config/main.rviz
[0.575s] -- Symlinking: /home/amitk/amit_ws/install/autobot/share/autobot/config/mapper_params_online_async.yaml
[0.580s] -- Symlinking: /home/amitk/amit_ws/install/autobot/share/autobot/config/my_controllers.yaml
[0.586s] -- Symlinking: /home/amitk/amit_ws/install/autobot/share/autobot/config/nav2_params.yaml
[0.591s] -- Symlinking: /home/amitk/amit_ws/install/autobot/share/autobot/config/twist_mux.yaml
[0.598s] -- Symlinking: /home/amitk/amit_ws/install/autobot/share/autobot/description/gazebo_control.xacro
[0.603s] -- Symlinking: /home/amitk/amit_ws/install/autobot/share/autobot/description/imu.xacro
[0.609s] -- Symlinking: /home/amitk/amit_ws/install/autobot/share/autobot/description/inertial_macros.xacro
[0.615s] -- Symlinking: /home/amitk/amit_ws/install/autobot/share/autobot/description/lidar.xacro
[0.621s] -- Symlinking: /home/amitk/amit_ws/install/autobot/share/autobot/description/robot.urdf.xacro
[0.628s] -- Symlinking: /home/amitk/amit_ws/install/autobot/share/autobot/description/robot_core.xacro
[0.635s] -- Symlinking: /home/amitk/amit_ws/install/autobot/share/autobot/description/ros2_control.xacro
[0.643s] -- Symlinking: /home/amitk/amit_ws/install/autobot/share/autobot/launch/launch_robot.launch.py
[0.649s] -- Symlinking: /home/amitk/amit_ws/install/autobot/share/autobot/launch/launch_sim.launch.py
[0.655s] -- Symlinking: /home/amitk/amit_ws/install/autobot/share/autobot/launch/localization_launch.py
[0.660s] -- Symlinking: /home/amitk/amit_ws/install/autobot/share/autobot/launch/navigation_launch.py
[0.666s] -- Symlinking: /home/amitk/amit_ws/install/autobot/share/autobot/launch/online_async_launch.py
[0.671s] -- Symlinking: /home/amitk/amit_ws/install/autobot/share/autobot/launch/rplidar.launch.py
[0.677s] -- Symlinking: /home/amitk/amit_ws/install/autobot/share/autobot/launch/rsp.launch.py
[0.682s] -- Symlinking: /home/amitk/amit_ws/install/autobot/share/autobot/worlds/empty.world
[0.689s] -- Symlinking: /home/amitk/amit_ws/install/autobot/share/autobot/worlds/obstacles.world
[0.694s] -- Symlinking: /home/amitk/amit_ws/install/autobot/share/autobot/worlds/room.world/model.config
[0.701s] -- Symlinking: /home/amitk/amit_ws/install/autobot/share/autobot/worlds/room.world/model.sdf
[0.708s] -- Symlinking: /home/amitk/amit_ws/install/autobot/share/autobot/worlds/test.world
[0.713s] -- Symlinking: /home/amitk/amit_ws/install/autobot/share/autobot/worlds/track.world
[0.720s] -- Symlinking: /home/amitk/amit_ws/install/autobot/share/autobot/worlds/warehouse.world
[0.725s] -- Symlinking: /home/amitk/amit_ws/install/autobot/share/ament_index/resource_index/package_run_dependencies/autobot
[0.731s] -- Symlinking: /home/amitk/amit_ws/install/autobot/share/ament_index/resource_index/parent_prefix_path/autobot
[0.738s] -- Symlinking: /home/amitk/amit_ws/install/autobot/share/autobot/environment/ament_prefix_path.sh
[0.745s] -- Symlinking: /home/amitk/amit_ws/install/autobot/share/autobot/environment/ament_prefix_path.dsv
[0.754s] -- Symlinking: /home/amitk/amit_ws/install/autobot/share/autobot/environment/path.sh
[0.763s] -- Symlinking: /home/amitk/amit_ws/install/autobot/share/autobot/environment/path.dsv
[0.772s] -- Symlinking: /home/amitk/amit_ws/install/autobot/share/autobot/local_setup.bash
[0.779s] -- Symlinking: /home/amitk/amit_ws/install/autobot/share/autobot/local_setup.sh
[0.787s] -- Symlinking: /home/amitk/amit_ws/install/autobot/share/autobot/local_setup.zsh
[0.794s] -- Symlinking: /home/amitk/amit_ws/install/autobot/share/autobot/local_setup.dsv
[0.800s] -- Symlinking: /home/amitk/amit_ws/install/autobot/share/autobot/package.dsv
[0.804s] -- Symlinking: /home/amitk/amit_ws/install/autobot/share/ament_index/resource_index/packages/autobot
[0.809s] -- Symlinking: /home/amitk/amit_ws/install/autobot/share/autobot/cmake/autobotConfig.cmake
[0.814s] -- Symlinking: /home/amitk/amit_ws/install/autobot/share/autobot/cmake/autobotConfig-version.cmake
[0.821s] -- Symlinking: /home/amitk/amit_ws/install/autobot/share/autobot/package.xml
[0.827s] Invoked command in '/home/amitk/amit_ws/build/autobot' returned '0': CMAKE_PREFIX_PATH=/opt/ros/humble /usr/bin/cmake --install /home/amitk/amit_ws/build/autobot
