[0.007s] Invoking command in '/home/amit/amit_ws/build/bot_description': CMAKE_PREFIX_PATH=/opt/ros/humble /usr/bin/cmake /home/amit/amit_ws/src/bot_description -DCMAKE_INSTALL_PREFIX=/home/amit/amit_ws/install/bot_description
[0.052s] -- The C compiler identification is GNU 11.4.0
[0.088s] -- The CXX compiler identification is GNU 11.4.0
[0.092s] -- Detecting C compiler ABI info
[0.140s] -- Detecting C compiler ABI info - done
[0.146s] -- Check for working C compiler: /usr/bin/cc - skipped
[0.146s] -- Detecting C compile features
[0.146s] -- Detecting C compile features - done
[0.148s] -- Detecting CXX compiler ABI info
[0.203s] -- Detecting CXX compiler ABI info - done
[0.209s] -- Check for working CXX compiler: /usr/bin/c++ - skipped
[0.209s] -- Detecting CXX compile features
[0.210s] -- Detecting CXX compile features - done
[0.211s] -- Found ament_cmake: 1.3.10 (/opt/ros/humble/share/ament_cmake/cmake)
[0.315s] -- Found Python3: /usr/bin/python3 (found version "3.10.12") found components: Interpreter 
[0.409s] -- Configuring done
[0.410s] -- Generating done
[0.410s] -- Build files have been written to: /home/amit/amit_ws/build/bot_description
[0.413s] Invoked command in '/home/amit/amit_ws/build/bot_description' returned '0': CMAKE_PREFIX_PATH=/opt/ros/humble /usr/bin/cmake /home/amit/amit_ws/src/bot_description -DCMAKE_INSTALL_PREFIX=/home/amit/amit_ws/install/bot_description
[0.414s] Invoking command in '/home/amit/amit_ws/build/bot_description': CMAKE_PREFIX_PATH=/opt/ros/humble /usr/bin/cmake --build /home/amit/amit_ws/build/bot_description -- -j12 -l12
[0.439s] Invoked command in '/home/amit/amit_ws/build/bot_description' returned '0': CMAKE_PREFIX_PATH=/opt/ros/humble /usr/bin/cmake --build /home/amit/amit_ws/build/bot_description -- -j12 -l12
[0.455s] Invoking command in '/home/amit/amit_ws/build/bot_description': CMAKE_PREFIX_PATH=/opt/ros/humble /usr/bin/cmake --install /home/amit/amit_ws/build/bot_description
[0.459s] -- Install configuration: ""
[0.459s] -- Installing: /home/amit/amit_ws/install/bot_description/share/bot_description/urdf
[0.459s] -- Installing: /home/amit/amit_ws/install/bot_description/share/bot_description/urdf/lidar.xacro
[0.459s] -- Installing: /home/amit/amit_ws/install/bot_description/share/bot_description/urdf/lidarcamera.xacro
[0.459s] -- Installing: /home/amit/amit_ws/install/bot_description/share/bot_description/urdf/bot_description.urdf
[0.459s] -- Installing: /home/amit/amit_ws/install/bot_description/share/bot_description/urdf/bot_description.urdf.xacro
[0.459s] -- Installing: /home/amit/amit_ws/install/bot_description/share/bot_description/launch
[0.459s] -- Installing: /home/amit/amit_ws/install/bot_description/share/bot_description/launch/rviz.launch.py
[0.459s] -- Installing: /home/amit/amit_ws/install/bot_description/share/bot_description/launch/spawn.launch.py
[0.459s] -- Installing: /home/amit/amit_ws/install/bot_description/share/bot_description/config
[0.459s] -- Installing: /home/amit/amit_ws/install/bot_description/share/bot_description/config/urdf_config.rviz
[0.459s] -- Installing: /home/amit/amit_ws/install/bot_description/share/ament_index/resource_index/package_run_dependencies/bot_description
[0.459s] -- Installing: /home/amit/amit_ws/install/bot_description/share/ament_index/resource_index/parent_prefix_path/bot_description
[0.459s] -- Installing: /home/amit/amit_ws/install/bot_description/share/bot_description/environment/ament_prefix_path.sh
[0.459s] -- Installing: /home/amit/amit_ws/install/bot_description/share/bot_description/environment/ament_prefix_path.dsv
[0.460s] -- Installing: /home/amit/amit_ws/install/bot_description/share/bot_description/environment/path.sh
[0.460s] -- Installing: /home/amit/amit_ws/install/bot_description/share/bot_description/environment/path.dsv
[0.460s] -- Installing: /home/amit/amit_ws/install/bot_description/share/bot_description/local_setup.bash
[0.460s] -- Installing: /home/amit/amit_ws/install/bot_description/share/bot_description/local_setup.sh
[0.460s] -- Installing: /home/amit/amit_ws/install/bot_description/share/bot_description/local_setup.zsh
[0.460s] -- Installing: /home/amit/amit_ws/install/bot_description/share/bot_description/local_setup.dsv
[0.460s] -- Installing: /home/amit/amit_ws/install/bot_description/share/bot_description/package.dsv
[0.460s] -- Installing: /home/amit/amit_ws/install/bot_description/share/ament_index/resource_index/packages/bot_description
[0.460s] -- Installing: /home/amit/amit_ws/install/bot_description/share/bot_description/cmake/bot_descriptionConfig.cmake
[0.460s] -- Installing: /home/amit/amit_ws/install/bot_description/share/bot_description/cmake/bot_descriptionConfig-version.cmake
[0.460s] -- Installing: /home/amit/amit_ws/install/bot_description/share/bot_description/package.xml
[0.469s] Invoked command in '/home/amit/amit_ws/build/bot_description' returned '0': CMAKE_PREFIX_PATH=/opt/ros/humble /usr/bin/cmake --install /home/amit/amit_ws/build/bot_description
