-- Install configuration: ""
-- Up-to-date: /home/amit/amit_ws/install/bot_control/share/bot_control/launch
-- Up-to-date: /home/amit/amit_ws/install/bot_control/share/bot_control/launch/filter_scan_data.py
-- Up-to-date: /home/amit/amit_ws/install/bot_control/share/bot_control/launch/filtered_rviz.launch.py
-- Up-to-date: /home/amit/amit_ws/install/bot_control/share/bot_control/scripts
-- Up-to-date: /home/amit/amit_ws/install/bot_control/share/bot_control/scripts/reading_laser.py
-- Up-to-date: /home/amit/amit_ws/install/bot_control/share/bot_control/config
-- Up-to-date: /home/amit/amit_ws/install/bot_control/share/bot_control/config/new_urdf_config.rviz
-- Up-to-date: /home/amit/amit_ws/install/bot_control/share/ament_index/resource_index/package_run_dependencies/bot_control
-- Up-to-date: /home/amit/amit_ws/install/bot_control/share/ament_index/resource_index/parent_prefix_path/bot_control
-- Up-to-date: /home/amit/amit_ws/install/bot_control/share/bot_control/environment/ament_prefix_path.sh
-- Up-to-date: /home/amit/amit_ws/install/bot_control/share/bot_control/environment/ament_prefix_path.dsv
-- Up-to-date: /home/amit/amit_ws/install/bot_control/share/bot_control/environment/path.sh
-- Up-to-date: /home/amit/amit_ws/install/bot_control/share/bot_control/environment/path.dsv
-- Up-to-date: /home/amit/amit_ws/install/bot_control/share/bot_control/local_setup.bash
-- Up-to-date: /home/amit/amit_ws/install/bot_control/share/bot_control/local_setup.sh
-- Up-to-date: /home/amit/amit_ws/install/bot_control/share/bot_control/local_setup.zsh
-- Up-to-date: /home/amit/amit_ws/install/bot_control/share/bot_control/local_setup.dsv
-- Installing: /home/amit/amit_ws/install/bot_control/share/bot_control/package.dsv
-- Up-to-date: /home/amit/amit_ws/install/bot_control/share/ament_index/resource_index/packages/bot_control
-- Up-to-date: /home/amit/amit_ws/install/bot_control/share/bot_control/cmake/bot_controlConfig.cmake
-- Up-to-date: /home/amit/amit_ws/install/bot_control/share/bot_control/cmake/bot_controlConfig-version.cmake
-- Up-to-date: /home/amit/amit_ws/install/bot_control/share/bot_control/package.xml
