[0.028s] Invoking command in '/home/amit/amit_ws/build/bot_control': CMAKE_PREFIX_PATH=${CMAKE_PREFIX_PATH}:/opt/ros/humble /usr/bin/cmake --build /home/amit/amit_ws/build/bot_control -- -j12 -l12
[0.074s] Invoked command in '/home/amit/amit_ws/build/bot_control' returned '0': CMAKE_PREFIX_PATH=${CMAKE_PREFIX_PATH}:/opt/ros/humble /usr/bin/cmake --build /home/amit/amit_ws/build/bot_control -- -j12 -l12
[0.117s] Invoking command in '/home/amit/amit_ws/build/bot_control': CMAKE_PREFIX_PATH=${CMAKE_PREFIX_PATH}:/opt/ros/humble /usr/bin/cmake --install /home/amit/amit_ws/build/bot_control
[0.141s] -- Install configuration: ""
[0.141s] -- Up-to-date: /home/amit/amit_ws/install/bot_control/share/bot_control/launch
[0.141s] -- Up-to-date: /home/amit/amit_ws/install/bot_control/share/bot_control/launch/filter_scan_data.py
[0.142s] -- Up-to-date: /home/amit/amit_ws/install/bot_control/share/bot_control/launch/filtered_rviz.launch.py
[0.142s] -- Up-to-date: /home/amit/amit_ws/install/bot_control/share/bot_control/scripts
[0.142s] -- Up-to-date: /home/amit/amit_ws/install/bot_control/share/bot_control/scripts/reading_laser.py
[0.142s] -- Up-to-date: /home/amit/amit_ws/install/bot_control/share/bot_control/config
[0.142s] -- Up-to-date: /home/amit/amit_ws/install/bot_control/share/bot_control/config/new_urdf_config.rviz
[0.142s] -- Up-to-date: /home/amit/amit_ws/install/bot_control/share/ament_index/resource_index/package_run_dependencies/bot_control
[0.142s] -- Up-to-date: /home/amit/amit_ws/install/bot_control/share/ament_index/resource_index/parent_prefix_path/bot_control
[0.142s] -- Up-to-date: /home/amit/amit_ws/install/bot_control/share/bot_control/environment/ament_prefix_path.sh
[0.142s] -- Up-to-date: /home/amit/amit_ws/install/bot_control/share/bot_control/environment/ament_prefix_path.dsv
[0.146s] -- Up-to-date: /home/amit/amit_ws/install/bot_control/share/bot_control/environment/path.sh
[0.146s] -- Up-to-date: /home/amit/amit_ws/install/bot_control/share/bot_control/environment/path.dsv
[0.146s] -- Up-to-date: /home/amit/amit_ws/install/bot_control/share/bot_control/local_setup.bash
[0.146s] -- Up-to-date: /home/amit/amit_ws/install/bot_control/share/bot_control/local_setup.sh
[0.146s] -- Up-to-date: /home/amit/amit_ws/install/bot_control/share/bot_control/local_setup.zsh
[0.146s] -- Up-to-date: /home/amit/amit_ws/install/bot_control/share/bot_control/local_setup.dsv
[0.146s] -- Installing: /home/amit/amit_ws/install/bot_control/share/bot_control/package.dsv
[0.146s] -- Up-to-date: /home/amit/amit_ws/install/bot_control/share/ament_index/resource_index/packages/bot_control
[0.146s] -- Up-to-date: /home/amit/amit_ws/install/bot_control/share/bot_control/cmake/bot_controlConfig.cmake
[0.146s] -- Up-to-date: /home/amit/amit_ws/install/bot_control/share/bot_control/cmake/bot_controlConfig-version.cmake
[0.146s] -- Up-to-date: /home/amit/amit_ws/install/bot_control/share/bot_control/package.xml
[0.165s] Invoked command in '/home/amit/amit_ws/build/bot_control' returned '0': CMAKE_PREFIX_PATH=${CMAKE_PREFIX_PATH}:/opt/ros/humble /usr/bin/cmake --install /home/amit/amit_ws/build/bot_control
