-- Install configuration: ""
-- Up-to-date: /home/amit/amit_ws/install/bot_description/share/bot_description/urdf
-- Up-to-date: /home/amit/amit_ws/install/bot_description/share/bot_description/urdf/lidar.xacro
-- Up-to-date: /home/amit/amit_ws/install/bot_description/share/bot_description/urdf/lidarcamera.xacro
-- Up-to-date: /home/amit/amit_ws/install/bot_description/share/bot_description/urdf/bot_description.urdf
-- Installing: /home/amit/amit_ws/install/bot_description/share/bot_description/urdf/bot.urdf
-- Up-to-date: /home/amit/amit_ws/install/bot_description/share/bot_description/urdf/bot_description.urdf.xacro
-- Up-to-date: /home/amit/amit_ws/install/bot_description/share/bot_description/launch
-- Up-to-date: /home/amit/amit_ws/install/bot_description/share/bot_description/launch/rviz.launch.py
-- Up-to-date: /home/amit/amit_ws/install/bot_description/share/bot_description/launch/spawn.launch.py
-- Up-to-date: /home/amit/amit_ws/install/bot_description/share/bot_description/config
-- Up-to-date: /home/amit/amit_ws/install/bot_description/share/bot_description/config/robot_config.rviz
-- Up-to-date: /home/amit/amit_ws/install/bot_description/share/bot_description/config/urdf_config.rviz
-- Up-to-date: /home/amit/amit_ws/install/bot_description/share/ament_index/resource_index/package_run_dependencies/bot_description
-- Up-to-date: /home/amit/amit_ws/install/bot_description/share/ament_index/resource_index/parent_prefix_path/bot_description
-- Up-to-date: /home/amit/amit_ws/install/bot_description/share/bot_description/environment/ament_prefix_path.sh
-- Up-to-date: /home/amit/amit_ws/install/bot_description/share/bot_description/environment/ament_prefix_path.dsv
-- Up-to-date: /home/amit/amit_ws/install/bot_description/share/bot_description/environment/path.sh
-- Up-to-date: /home/amit/amit_ws/install/bot_description/share/bot_description/environment/path.dsv
-- Up-to-date: /home/amit/amit_ws/install/bot_description/share/bot_description/local_setup.bash
-- Up-to-date: /home/amit/amit_ws/install/bot_description/share/bot_description/local_setup.sh
-- Up-to-date: /home/amit/amit_ws/install/bot_description/share/bot_description/local_setup.zsh
-- Up-to-date: /home/amit/amit_ws/install/bot_description/share/bot_description/local_setup.dsv
-- Installing: /home/amit/amit_ws/install/bot_description/share/bot_description/package.dsv
-- Up-to-date: /home/amit/amit_ws/install/bot_description/share/ament_index/resource_index/packages/bot_description
-- Up-to-date: /home/amit/amit_ws/install/bot_description/share/bot_description/cmake/bot_descriptionConfig.cmake
-- Up-to-date: /home/amit/amit_ws/install/bot_description/share/bot_description/cmake/bot_descriptionConfig-version.cmake
-- Up-to-date: /home/amit/amit_ws/install/bot_description/share/bot_description/package.xml
